TN:
SF:src/main.ts
FN:85,(anonymous_0)
FN:113,(anonymous_1)
FN:144,(anonymous_2)
FN:167,(anonymous_3)
FN:169,(anonymous_4)
FN:220,(anonymous_5)
FN:245,(anonymous_6)
FN:275,(anonymous_7)
FN:308,(anonymous_8)
FN:314,(anonymous_9)
FN:328,(anonymous_10)
FN:355,(anonymous_11)
FN:359,(anonymous_12)
FN:375,(anonymous_13)
FN:401,(anonymous_14)
FN:433,(anonymous_15)
FN:444,(anonymous_16)
FN:471,(anonymous_17)
FN:480,(anonymous_18)
FN:529,(anonymous_19)
FN:575,(anonymous_20)
FN:603,(anonymous_21)
FN:615,(anonymous_22)
FN:656,(anonymous_23)
FN:678,(anonymous_24)
FN:692,(anonymous_25)
FN:701,(anonymous_26)
FN:713,(anonymous_27)
FNF:28
FNH:0
FNDA:0,(anonymous_0)
FNDA:0,(anonymous_1)
FNDA:0,(anonymous_2)
FNDA:0,(anonymous_3)
FNDA:0,(anonymous_4)
FNDA:0,(anonymous_5)
FNDA:0,(anonymous_6)
FNDA:0,(anonymous_7)
FNDA:0,(anonymous_8)
FNDA:0,(anonymous_9)
FNDA:0,(anonymous_10)
FNDA:0,(anonymous_11)
FNDA:0,(anonymous_12)
FNDA:0,(anonymous_13)
FNDA:0,(anonymous_14)
FNDA:0,(anonymous_15)
FNDA:0,(anonymous_16)
FNDA:0,(anonymous_17)
FNDA:0,(anonymous_18)
FNDA:0,(anonymous_19)
FNDA:0,(anonymous_20)
FNDA:0,(anonymous_21)
FNDA:0,(anonymous_22)
FNDA:0,(anonymous_23)
FNDA:0,(anonymous_24)
FNDA:0,(anonymous_25)
FNDA:0,(anonymous_26)
FNDA:0,(anonymous_27)
DA:21,0
DA:25,0
DA:26,0
DA:27,0
DA:28,0
DA:29,0
DA:30,0
DA:31,0
DA:34,0
DA:35,0
DA:36,0
DA:37,0
DA:38,0
DA:39,0
DA:40,0
DA:41,0
DA:42,0
DA:43,0
DA:44,0
DA:74,0
DA:76,0
DA:77,0
DA:80,0
DA:81,0
DA:82,0
DA:83,0
DA:86,0
DA:89,0
DA:90,0
DA:91,0
DA:92,0
DA:95,0
DA:96,0
DA:97,0
DA:100,0
DA:103,0
DA:104,0
DA:105,0
DA:106,0
DA:114,0
DA:116,0
DA:119,0
DA:122,0
DA:125,0
DA:128,0
DA:131,0
DA:134,0
DA:136,0
DA:137,0
DA:146,0
DA:147,0
DA:148,0
DA:149,0
DA:152,0
DA:153,0
DA:154,0
DA:155,0
DA:158,0
DA:160,0
DA:169,0
DA:170,0
DA:171,0
DA:174,0
DA:175,0
DA:178,0
DA:181,0
DA:184,0
DA:187,0
DA:189,0
DA:190,0
DA:193,0
DA:194,0
DA:201,0
DA:204,0
DA:211,0
DA:212,0
DA:214,0
DA:220,0
DA:221,0
DA:222,0
DA:224,0
DA:225,0
DA:226,0
DA:229,0
DA:230,0
DA:233,0
DA:234,0
DA:238,0
DA:239,0
DA:245,0
DA:246,0
DA:247,0
DA:249,0
DA:250,0
DA:251,0
DA:254,0
DA:255,0
DA:260,0
DA:263,0
DA:264,0
DA:268,0
DA:269,0
DA:275,0
DA:276,0
DA:277,0
DA:280,0
DA:283,0
DA:288,0
DA:295,0
DA:298,0
DA:299,0
DA:310,0
DA:311,0
DA:314,0
DA:315,0
DA:317,0
DA:318,0
DA:319,0
DA:320,0
DA:324,0
DA:328,0
DA:329,0
DA:331,0
DA:332,0
DA:333,0
DA:334,0
DA:335,0
DA:337,0
DA:338,0
DA:339,0
DA:340,0
DA:341,0
DA:343,0
DA:348,0
DA:357,0
DA:359,0
DA:360,0
DA:361,0
DA:363,0
DA:364,0
DA:367,0
DA:376,0
DA:378,0
DA:380,0
DA:381,0
DA:383,0
DA:384,0
DA:386,0
DA:387,0
DA:389,0
DA:390,0
DA:391,0
DA:393,0
DA:402,0
DA:405,0
DA:406,0
DA:407,0
DA:408,0
DA:409,0
DA:410,0
DA:413,0
DA:414,0
DA:415,0
DA:416,0
DA:419,0
DA:420,0
DA:424,0
DA:426,0
DA:434,0
DA:435,0
DA:436,0
DA:437,0
DA:446,0
DA:449,0
DA:450,0
DA:454,0
DA:455,0
DA:464,0
DA:472,0
DA:473,0
DA:481,0
DA:484,0
DA:487,0
DA:488,0
DA:491,0
DA:494,0
DA:497,0
DA:500,0
DA:503,0
DA:504,0
DA:505,0
DA:506,0
DA:508,0
DA:512,0
DA:513,0
DA:517,0
DA:518,0
DA:530,0
DA:532,0
DA:533,0
DA:536,0
DA:537,0
DA:539,0
DA:540,0
DA:542,0
DA:543,0
DA:545,0
DA:546,0
DA:550,0
DA:551,0
DA:552,0
DA:553,0
DA:556,0
DA:559,0
DA:560,0
DA:561,0
DA:562,0
DA:563,0
DA:565,0
DA:566,0
DA:576,0
DA:578,0
DA:579,0
DA:581,0
DA:582,0
DA:583,0
DA:584,0
DA:586,0
DA:587,0
DA:590,0
DA:591,0
DA:592,0
DA:593,0
DA:605,0
DA:608,0
DA:617,0
DA:620,0
DA:621,0
DA:622,0
DA:624,0
DA:625,0
DA:628,0
DA:629,0
DA:632,0
DA:633,0
DA:636,0
DA:637,0
DA:641,0
DA:644,0
DA:645,0
DA:646,0
DA:647,0
DA:649,0
DA:657,0
DA:660,0
DA:668,0
DA:670,0
DA:679,0
DA:680,0
DA:681,0
DA:684,0
DA:685,0
DA:693,0
DA:694,0
DA:702,0
DA:707,0
DA:713,0
DA:714,0
DA:716,0
DA:717,0
DA:718,0
DA:719,0
DA:722,0
DA:723,0
DA:724,0
DA:725,0
DA:729,0
DA:730,0
DA:731,0
DA:732,0
DA:733,0
DA:734,0
DA:735,0
DA:736,0
DA:737,0
DA:738,0
DA:739,0
DA:740,0
DA:742,0
DA:744,0
DA:745,0
DA:748,0
DA:750,0
DA:752,0
DA:755,0
DA:756,0
DA:757,0
DA:758,0
DA:759,0
DA:760,0
DA:761,0
DA:762,0
DA:763,0
DA:768,0
LF:304
LH:0
BRDA:85,0,0,0
BRDA:114,1,0,0
BRDA:187,2,0,0
BRDA:193,3,0,0
BRDA:193,3,1,0
BRDA:211,4,0,0
BRDA:211,4,1,0
BRDA:224,5,0,0
BRDA:233,6,0,0
BRDA:238,7,0,0
BRDA:249,8,0,0
BRDA:263,9,0,0
BRDA:268,10,0,0
BRDA:291,11,0,0
BRDA:291,11,1,0
BRDA:298,12,0,0
BRDA:317,13,0,0
BRDA:317,13,1,0
BRDA:319,14,0,0
BRDA:331,15,0,0
BRDA:331,15,1,0
BRDA:333,16,0,0
BRDA:333,16,1,0
BRDA:335,17,0,0
BRDA:335,17,1,0
BRDA:339,18,0,0
BRDA:339,18,1,0
BRDA:363,19,0,0
BRDA:378,20,0,0
BRDA:378,20,1,0
BRDA:378,21,0,0
BRDA:378,21,1,0
BRDA:381,22,0,0
BRDA:381,22,1,0
BRDA:381,23,0,0
BRDA:381,23,1,0
BRDA:384,24,0,0
BRDA:384,24,1,0
BRDA:387,25,0,0
BRDA:387,25,1,0
BRDA:391,26,0,0
BRDA:419,27,0,0
BRDA:449,28,0,0
BRDA:454,29,0,0
BRDA:503,30,0,0
BRDA:503,31,0,0
BRDA:503,31,1,0
BRDA:512,32,0,0
BRDA:517,33,0,0
BRDA:517,34,0,0
BRDA:517,34,1,0
BRDA:517,34,2,0
BRDA:530,35,0,0
BRDA:530,36,0,0
BRDA:530,36,1,0
BRDA:536,37,0,0
BRDA:539,38,0,0
BRDA:542,39,0,0
BRDA:545,40,0,0
BRDA:550,41,0,0
BRDA:550,42,0,0
BRDA:550,42,1,0
BRDA:559,43,0,0
BRDA:561,44,0,0
BRDA:579,45,0,0
BRDA:581,46,0,0
BRDA:581,46,1,0
BRDA:586,47,0,0
BRDA:591,48,0,0
BRDA:636,49,0,0
BRDA:636,50,0,0
BRDA:636,50,1,0
BRDA:645,51,0,0
BRDA:645,51,1,0
BRDA:646,52,0,0
BRDA:646,52,1,0
BRDA:647,53,0,0
BRDA:647,53,1,0
BRDA:679,54,0,0
BRDA:717,55,0,0
BRDA:723,56,0,0
BRF:81
BRH:0
end_of_record
TN:
SF:src/config/AudioConfig.ts
FNF:0
FNH:0
DA:8,0
DA:36,0
DA:73,0
DA:84,0
DA:95,0
DA:113,0
LF:6
LH:0
BRF:0
BRH:0
end_of_record
TN:
SF:src/core/EntityManager.ts
FN:10,(anonymous_0)
FN:21,(anonymous_1)
FN:35,(anonymous_2)
FN:53,(anonymous_3)
FN:62,(anonymous_4)
FN:76,(anonymous_5)
FN:84,(anonymous_6)
FN:85,(anonymous_7)
FN:92,(anonymous_8)
FN:101,(anonymous_9)
FN:126,(anonymous_10)
FN:139,(anonymous_11)
FN:155,(anonymous_12)
FN:163,(anonymous_13)
FN:174,(anonymous_14)
FN:189,(anonymous_15)
FNF:16
FNH:16
FNDA:1060,(anonymous_0)
FNDA:297,(anonymous_1)
FNDA:3,(anonymous_2)
FNDA:2,(anonymous_3)
FNDA:11,(anonymous_4)
FNDA:2,(anonymous_5)
FNDA:1,(anonymous_6)
FNDA:3,(anonymous_7)
FNDA:3,(anonymous_8)
FNDA:4,(anonymous_9)
FNDA:1,(anonymous_10)
FNDA:1,(anonymous_11)
FNDA:5,(anonymous_12)
FNDA:4,(anonymous_13)
FNDA:4,(anonymous_14)
FNDA:4,(anonymous_15)
DA:10,3
DA:11,1060
DA:12,1060
DA:13,1060
DA:14,1060
DA:22,297
DA:24,1
DA:26,296
DA:36,3
DA:38,1
DA:40,2
DA:41,2
DA:42,1
DA:43,1
DA:54,2
DA:63,11
DA:64,11
DA:65,33
DA:66,29
DA:69,11
DA:77,2
DA:85,3
DA:93,3
DA:102,4
DA:105,4
DA:106,7
DA:107,5
DA:111,4
DA:114,4
DA:115,4
DA:118,4
DA:128,1
DA:129,3
DA:130,2
DA:141,1
DA:142,2
DA:145,1
DA:146,1
DA:147,1
DA:156,5
DA:164,4
DA:165,1
DA:167,4
DA:175,4
DA:176,1
DA:177,1
DA:178,1
DA:179,1
DA:182,4
DA:190,4
DA:192,4
DA:193,7
DA:194,2
DA:198,4
DA:199,2
DA:200,2
DA:201,2
DA:202,2
LF:58
LH:58
BRDA:22,0,0,1
BRDA:22,0,1,296
BRDA:36,1,0,1
BRDA:36,1,1,2
BRDA:41,2,0,1
BRDA:65,3,0,29
BRDA:106,4,0,5
BRDA:129,5,0,2
BRDA:177,6,0,1
BRDA:193,7,0,2
BRDA:200,8,0,2
BRF:11
BRH:11
end_of_record
TN:
SF:src/core/ErrorHandler.ts
FN:13,(anonymous_0)
FN:30,(anonymous_1)
FN:107,(anonymous_2)
FN:109,(anonymous_3)
FN:121,(anonymous_4)
FN:131,(anonymous_5)
FN:138,(anonymous_6)
FN:140,(anonymous_7)
FN:147,(anonymous_8)
FN:153,(anonymous_9)
FN:159,(anonymous_10)
FN:174,(anonymous_11)
FN:217,(anonymous_12)
FN:224,(anonymous_13)
FN:231,(anonymous_14)
FN:238,(anonymous_15)
FN:245,(anonymous_16)
FN:252,(anonymous_17)
FN:283,(anonymous_18)
FN:292,(anonymous_19)
FN:299,(anonymous_20)
FN:309,(anonymous_21)
FN:323,(anonymous_22)
FN:347,(anonymous_23)
FN:359,(anonymous_24)
FN:367,(anonymous_25)
FN:375,(anonymous_26)
FN:382,(anonymous_27)
FN:389,(anonymous_28)
FN:396,(anonymous_29)
FN:397,(anonymous_30)
FN:403,(anonymous_31)
FN:404,(anonymous_32)
FN:410,(anonymous_33)
FN:412,(anonymous_34)
FN:419,(anonymous_35)
FN:426,(anonymous_36)
FN:433,(anonymous_37)
FN:443,(anonymous_38)
FN:450,(anonymous_39)
FN:502,getErrorHandler
FN:512,safeExecute
FN:530,safeExecuteAsync
FN:548,retryWithBackoff
FN:578,(anonymous_44)
FNF:45
FNH:43
FNDA:1,(anonymous_0)
FNDA:1,(anonymous_1)
FNDA:44,(anonymous_2)
FNDA:352,(anonymous_3)
FNDA:60,(anonymous_4)
FNDA:87,(anonymous_5)
FNDA:44,(anonymous_6)
FNDA:3,(anonymous_7)
FNDA:4,(anonymous_8)
FNDA:0,(anonymous_9)
FNDA:0,(anonymous_10)
FNDA:77,(anonymous_11)
FNDA:4,(anonymous_12)
FNDA:29,(anonymous_13)
FNDA:11,(anonymous_14)
FNDA:30,(anonymous_15)
FNDA:3,(anonymous_16)
FNDA:33,(anonymous_17)
FNDA:183,(anonymous_18)
FNDA:4,(anonymous_19)
FNDA:1,(anonymous_20)
FNDA:77,(anonymous_21)
FNDA:1,(anonymous_22)
FNDA:77,(anonymous_23)
FNDA:11,(anonymous_24)
FNDA:1,(anonymous_25)
FNDA:4,(anonymous_26)
FNDA:1,(anonymous_27)
FNDA:12,(anonymous_28)
FNDA:1,(anonymous_29)
FNDA:4,(anonymous_30)
FNDA:2,(anonymous_31)
FNDA:8,(anonymous_32)
FNDA:2,(anonymous_33)
FNDA:7,(anonymous_34)
FNDA:34,(anonymous_35)
FNDA:43,(anonymous_36)
FNDA:1,(anonymous_37)
FNDA:1,(anonymous_38)
FNDA:2,(anonymous_39)
FNDA:12,getErrorHandler
FNDA:4,safeExecute
FNDA:3,safeExecuteAsync
FNDA:4,retryWithBackoff
FNDA:5,(anonymous_44)
DA:13,1
DA:15,1
DA:17,1
DA:19,1
DA:21,1
DA:23,1
DA:30,1
DA:32,1
DA:34,1
DA:36,1
DA:38,1
DA:40,1
DA:42,1
DA:44,1
DA:46,1
DA:86,1
DA:87,1
DA:90,44
DA:93,44
DA:96,44
DA:99,44
DA:102,44
DA:105,44
DA:109,44
DA:110,352
DA:114,44
DA:122,60
DA:123,44
DA:125,60
DA:132,87
DA:140,44
DA:142,3
DA:143,3
DA:147,44
DA:148,4
DA:149,4
DA:153,44
DA:155,0
DA:159,44
DA:160,0
DA:161,0
DA:180,77
DA:183,77
DA:195,77
DA:196,0
DA:200,77
DA:201,33
DA:202,33
DA:206,77
DA:209,77
DA:211,77
DA:218,4
DA:225,29
DA:232,11
DA:239,30
DA:246,3
DA:257,33
DA:259,33
DA:260,15
DA:261,15
DA:262,12
DA:266,1
DA:277,21
DA:284,183
DA:285,183
DA:286,183
DA:293,4
DA:300,1
DA:301,1
DA:302,1
DA:310,77
DA:311,5
DA:312,5
DA:315,1
DA:324,1
DA:325,1
DA:327,1
DA:329,0
DA:330,0
DA:332,0
DA:333,0
DA:335,1
DA:336,1
DA:339,0
DA:340,0
DA:348,77
DA:351,77
DA:352,5
DA:360,11
DA:361,11
DA:368,1
DA:369,1
DA:376,4
DA:383,1
DA:390,12
DA:397,4
DA:404,8
DA:411,2
DA:412,7
DA:420,34
DA:427,43
DA:434,1
DA:435,1
DA:436,0
DA:444,1
DA:456,2
DA:464,2
DA:475,2
DA:476,2
DA:478,2
DA:479,9
DA:480,9
DA:482,9
DA:483,4
DA:484,4
DA:485,4
DA:490,2
DA:502,1
DA:503,12
DA:512,1
DA:518,4
DA:519,4
DA:521,3
DA:522,3
DA:523,3
DA:530,1
DA:536,3
DA:537,3
DA:539,2
DA:540,2
DA:541,2
DA:548,1
DA:554,4
DA:556,4
DA:557,9
DA:558,9
DA:560,7
DA:562,7
DA:568,7
DA:569,2
DA:573,2
DA:577,5
DA:578,5
DA:582,0
LF:144
LH:132
BRDA:13,0,0,1
BRDA:13,0,1,1
BRDA:30,1,0,1
BRDA:30,1,1,1
BRDA:122,2,0,44
BRDA:176,3,0,0
BRDA:177,4,0,0
BRDA:180,5,0,69
BRDA:180,5,1,8
BRDA:195,6,0,0
BRDA:200,7,0,33
BRDA:200,8,0,77
BRDA:200,8,1,47
BRDA:217,9,0,4
BRDA:224,10,0,17
BRDA:231,11,0,4
BRDA:238,12,0,16
BRDA:245,13,0,2
BRDA:257,14,0,33
BRDA:257,14,1,0
BRDA:261,15,0,12
BRDA:284,16,0,183
BRDA:284,16,1,0
BRDA:301,17,0,1
BRDA:327,18,0,0
BRDA:327,18,1,0
BRDA:327,18,2,1
BRDA:327,18,3,0
BRDA:327,18,4,0
BRDA:329,19,0,0
BRDA:329,19,1,0
BRDA:332,20,0,0
BRDA:332,20,1,0
BRDA:335,21,0,1
BRDA:335,21,1,1
BRDA:339,22,0,0
BRDA:339,22,1,0
BRDA:339,23,0,0
BRDA:339,23,1,0
BRDA:351,24,0,5
BRDA:412,25,0,7
BRDA:412,25,1,4
BRDA:435,26,0,0
BRDA:482,27,0,4
BRDA:484,28,0,4
BRDA:494,29,0,2
BRDA:494,29,1,0
BRDA:514,30,0,3
BRDA:532,31,0,1
BRDA:550,32,0,0
BRDA:551,33,0,0
BRDA:552,34,0,4
BRDA:568,35,0,2
BRF:53
BRH:32
end_of_record
TN:
SF:src/core/GameEngine.ts
FN:31,(anonymous_0)
FN:66,(anonymous_1)
FN:86,(anonymous_2)
FN:103,(anonymous_3)
FN:116,(anonymous_4)
FN:136,(anonymous_5)
FN:169,(anonymous_6)
FN:182,(anonymous_7)
FN:198,(anonymous_8)
FN:206,(anonymous_9)
FN:220,(anonymous_10)
FN:228,(anonymous_11)
FN:236,(anonymous_12)
FN:244,(anonymous_13)
FN:252,(anonymous_14)
FN:260,(anonymous_15)
FN:268,(anonymous_16)
FN:276,(anonymous_17)
FN:284,(anonymous_18)
FNF:19
FNH:19
FNDA:22,(anonymous_0)
FNDA:10,(anonymous_1)
FNDA:23,(anonymous_2)
FNDA:5,(anonymous_3)
FNDA:3,(anonymous_4)
FNDA:4,(anonymous_5)
FNDA:4,(anonymous_6)
FNDA:4,(anonymous_7)
FNDA:2,(anonymous_8)
FNDA:4,(anonymous_9)
FNDA:5,(anonymous_10)
FNDA:1,(anonymous_11)
FNDA:1,(anonymous_12)
FNDA:3,(anonymous_13)
FNDA:1,(anonymous_14)
FNDA:1,(anonymous_15)
FNDA:2,(anonymous_16)
FNDA:3,(anonymous_17)
FNDA:1,(anonymous_18)
DA:8,1
DA:9,1
DA:10,1
DA:11,1
DA:13,1
DA:21,22
DA:22,22
DA:23,22
DA:24,22
DA:27,22
DA:28,22
DA:29,22
DA:33,22
DA:34,22
DA:35,1
DA:37,21
DA:40,21
DA:41,21
DA:42,0
DA:44,21
DA:47,21
DA:50,21
DA:51,21
DA:54,21
DA:55,21
DA:56,21
DA:59,21
DA:67,10
DA:68,1
DA:69,1
DA:72,9
DA:73,9
DA:74,9
DA:75,9
DA:76,9
DA:79,9
DA:87,23
DA:88,23
DA:90,23
DA:91,9
DA:92,9
DA:96,23
DA:104,5
DA:105,1
DA:106,1
DA:109,4
DA:117,3
DA:118,1
DA:119,1
DA:122,2
DA:123,1
DA:124,1
DA:127,1
DA:128,1
DA:137,4
DA:138,0
DA:142,4
DA:145,4
DA:148,4
DA:149,4
DA:152,4
DA:153,2
DA:157,4
DA:160,4
DA:170,4
DA:171,4
DA:174,4
DA:183,4
DA:185,4
DA:186,4
DA:187,0
DA:188,0
DA:189,0
DA:199,2
DA:208,4
DA:211,4
DA:221,5
DA:229,1
DA:237,1
DA:245,3
DA:253,1
DA:261,1
DA:269,2
DA:277,3
DA:285,1
LF:85
LH:80
BRDA:31,0,0,21
BRDA:34,1,0,1
BRDA:41,2,0,0
BRDA:67,3,0,1
BRDA:90,4,0,9
BRDA:104,5,0,1
BRDA:117,6,0,1
BRDA:122,7,0,1
BRDA:137,8,0,0
BRDA:152,9,0,2
BRDA:186,10,0,0
BRF:11
BRH:8
end_of_record
TN:
SF:src/core/InputManager.ts
FN:43,(anonymous_0)
FN:64,(anonymous_1)
FN:77,(anonymous_2)
FN:84,(anonymous_3)
FN:100,(anonymous_4)
FN:109,(anonymous_5)
FN:129,(anonymous_6)
FN:137,(anonymous_7)
FN:148,(anonymous_8)
FN:158,(anonymous_9)
FN:167,(anonymous_10)
FN:175,(anonymous_11)
FN:183,(anonymous_12)
FN:191,(anonymous_13)
FN:198,(anonymous_14)
FN:206,(anonymous_15)
FN:210,(anonymous_16)
FN:221,(anonymous_17)
FN:227,(anonymous_18)
FNF:19
FNH:18
FNDA:41,(anonymous_0)
FNDA:40,(anonymous_1)
FNDA:0,(anonymous_2)
FNDA:43,(anonymous_3)
FNDA:7,(anonymous_4)
FNDA:6,(anonymous_5)
FNDA:8,(anonymous_6)
FNDA:1,(anonymous_7)
FNDA:6,(anonymous_8)
FNDA:2,(anonymous_9)
FNDA:3,(anonymous_10)
FNDA:1,(anonymous_11)
FNDA:1,(anonymous_12)
FNDA:1,(anonymous_13)
FNDA:8,(anonymous_14)
FNDA:1,(anonymous_15)
FNDA:1,(anonymous_16)
FNDA:5,(anonymous_17)
FNDA:1,(anonymous_18)
DA:8,2
DA:14,2
DA:31,2
DA:34,41
DA:44,41
DA:45,41
DA:48,41
DA:49,41
DA:50,41
DA:51,41
DA:52,41
DA:54,41
DA:55,40
DA:65,40
DA:68,40
DA:69,40
DA:72,40
DA:73,40
DA:74,40
DA:77,40
DA:85,43
DA:86,43
DA:88,43
DA:89,40
DA:90,40
DA:91,40
DA:92,40
DA:101,7
DA:110,6
DA:111,47
DA:112,3
DA:117,3
DA:118,1
DA:121,2
DA:130,8
DA:138,1
DA:149,6
DA:159,2
DA:168,3
DA:176,1
DA:184,1
DA:192,1
DA:193,1
DA:200,8
DA:201,8
DA:203,8
DA:207,1
DA:211,1
DA:213,1
DA:214,1
DA:215,1
DA:217,1
DA:218,1
DA:222,5
DA:223,4
DA:228,1
DA:229,1
LF:57
LH:57
BRDA:54,0,0,40
BRDA:88,1,0,40
BRDA:111,2,0,3
BRDA:111,3,0,47
BRDA:111,3,1,7
BRDA:117,4,0,1
BRDA:117,5,0,3
BRDA:117,5,1,2
BRDA:200,6,0,8
BRDA:211,7,0,0
BRDA:222,8,0,4
BRDA:228,9,0,1
BRF:12
BRH:11
end_of_record
TN:
SF:src/core/InputState.ts
FN:26,createDefaultInputState
FNF:1
FNH:1
FNDA:43,createDefaultInputState
DA:26,3
DA:27,43
LF:2
LH:2
BRF:0
BRH:0
end_of_record
TN:
SF:src/core/ObjectPool.ts
FN:70,(anonymous_0)
FN:92,(anonymous_1)
FN:104,(anonymous_2)
FN:117,(anonymous_3)
FN:147,(anonymous_4)
FN:166,(anonymous_5)
FN:178,(anonymous_6)
FN:179,(anonymous_7)
FN:186,(anonymous_8)
FN:187,(anonymous_9)
FN:194,(anonymous_10)
FN:202,(anonymous_11)
FN:210,(anonymous_12)
FN:231,(anonymous_13)
FN:250,(anonymous_14)
FN:269,(anonymous_15)
FN:281,(anonymous_16)
FN:303,(anonymous_17)
FN:308,(anonymous_18)
FN:312,(anonymous_19)
FN:326,(anonymous_20)
FN:330,(anonymous_21)
FN:346,(anonymous_22)
FN:357,(anonymous_23)
FN:368,(anonymous_24)
FN:379,(anonymous_25)
FN:389,(anonymous_26)
FN:396,(anonymous_27)
FN:403,(anonymous_28)
FN:411,(anonymous_29)
FN:419,(anonymous_30)
FN:429,(anonymous_31)
FN:445,(anonymous_32)
FN:455,(anonymous_33)
FN:459,(anonymous_34)
FN:476,(anonymous_35)
FN:487,(anonymous_36)
FN:497,(anonymous_37)
FN:508,(anonymous_38)
FN:516,(anonymous_39)
FN:525,(anonymous_40)
FN:534,(anonymous_41)
FN:545,(anonymous_42)
FNF:43
FNH:41
FNDA:65,(anonymous_0)
FNDA:65,(anonymous_1)
FNDA:327,(anonymous_2)
FNDA:65,(anonymous_3)
FNDA:22,(anonymous_4)
FNDA:7,(anonymous_5)
FNDA:16,(anonymous_6)
FNDA:89,(anonymous_7)
FNDA:7,(anonymous_8)
FNDA:40,(anonymous_9)
FNDA:12,(anonymous_10)
FNDA:5,(anonymous_11)
FNDA:12,(anonymous_12)
FNDA:49,(anonymous_13)
FNDA:1,(anonymous_14)
FNDA:1,(anonymous_15)
FNDA:1,(anonymous_16)
FNDA:8,(anonymous_17)
FNDA:80,(anonymous_18)
FNDA:10,(anonymous_19)
FNDA:40,(anonymous_20)
FNDA:8,(anonymous_21)
FNDA:10,(anonymous_22)
FNDA:8,(anonymous_23)
FNDA:2,(anonymous_24)
FNDA:2,(anonymous_25)
FNDA:1,(anonymous_26)
FNDA:1,(anonymous_27)
FNDA:1,(anonymous_28)
FNDA:0,(anonymous_29)
FNDA:1,(anonymous_30)
FNDA:8,(anonymous_31)
FNDA:8,(anonymous_32)
FNDA:136,(anonymous_33)
FNDA:19,(anonymous_34)
FNDA:19,(anonymous_35)
FNDA:2,(anonymous_36)
FNDA:2,(anonymous_37)
FNDA:1,(anonymous_38)
FNDA:1,(anonymous_39)
FNDA:0,(anonymous_40)
FNDA:1,(anonymous_41)
FNDA:8,(anonymous_42)
DA:38,1
DA:40,65
DA:43,65
DA:58,65
DA:78,65
DA:79,65
DA:80,65
DA:81,65
DA:84,65
DA:93,65
DA:94,318
DA:95,318
DA:96,318
DA:105,327
DA:106,327
DA:107,327
DA:108,327
DA:118,65
DA:122,65
DA:124,56
DA:125,56
DA:128,9
DA:132,65
DA:133,65
DA:134,38
DA:135,27
DA:136,27
DA:139,65
DA:148,22
DA:150,2
DA:153,20
DA:154,20
DA:157,20
DA:158,18
DA:167,7
DA:168,37
DA:169,9
DA:179,89
DA:187,40
DA:195,12
DA:203,5
DA:217,12
DA:221,12
DA:232,49
DA:233,261
DA:235,49
DA:236,49
DA:237,49
DA:251,1
DA:252,5
DA:253,5
DA:254,5
DA:255,5
DA:256,5
DA:258,5
DA:270,1
DA:271,5
DA:272,3
DA:282,1
DA:283,5
DA:284,1
DA:294,1
DA:295,1
DA:296,1
DA:298,1
DA:304,8
DA:307,8
DA:308,80
DA:313,10
DA:314,10
DA:315,10
DA:316,10
DA:317,10
DA:318,10
DA:319,10
DA:325,8
DA:326,40
DA:331,8
DA:332,8
DA:333,8
DA:334,8
DA:335,8
DA:336,8
DA:337,8
DA:347,10
DA:358,8
DA:369,2
DA:370,1
DA:372,1
DA:380,2
DA:390,1
DA:397,1
DA:404,1
DA:405,1
DA:412,0
DA:413,0
DA:420,1
DA:430,8
DA:431,8
DA:439,1
DA:440,1
DA:442,1
DA:446,8
DA:449,8
DA:451,8
DA:452,32
DA:454,32
DA:455,136
DA:460,19
DA:461,19
DA:462,19
DA:463,19
DA:464,19
DA:465,19
DA:466,19
DA:477,19
DA:478,19
DA:479,0
DA:481,19
DA:488,2
DA:489,2
DA:490,2
DA:498,2
DA:499,2
DA:500,8
DA:502,2
DA:509,1
DA:510,1
DA:517,1
DA:518,4
DA:526,0
DA:527,0
DA:535,1
DA:536,1
DA:537,4
DA:539,1
DA:546,8
DA:547,32
LF:138
LH:133
BRDA:72,0,0,4
BRDA:80,1,0,65
BRDA:80,1,1,16
BRDA:81,2,0,65
BRDA:81,2,1,6
BRDA:122,3,0,56
BRDA:122,3,1,9
BRDA:133,4,0,38
BRDA:133,4,1,27
BRDA:135,5,0,27
BRDA:148,6,0,2
BRDA:157,7,0,18
BRDA:157,8,0,20
BRDA:157,8,1,14
BRDA:168,9,0,9
BRDA:217,10,0,9
BRDA:217,10,1,3
BRDA:253,11,0,5
BRDA:255,12,0,5
BRDA:271,13,0,3
BRDA:283,14,0,1
BRDA:283,15,0,5
BRDA:283,15,1,4
BRDA:303,16,0,0
BRDA:303,17,0,0
BRDA:350,18,0,10
BRDA:350,18,1,10
BRDA:361,19,0,8
BRDA:361,19,1,8
BRDA:369,20,0,1
BRDA:369,20,1,1
BRDA:445,21,0,0
BRDA:445,22,0,0
BRDA:452,23,0,8
BRDA:452,23,1,24
BRDA:458,24,0,8
BRDA:458,24,1,24
BRDA:478,25,0,0
BRDA:489,26,0,2
BRDA:510,27,0,1
BRDA:510,27,1,0
BRF:41
BRH:35
end_of_record
TN:
SF:src/core/StateManager.ts
FN:23,(anonymous_0)
FN:33,(anonymous_1)
FN:43,(anonymous_2)
FN:74,(anonymous_3)
FN:82,(anonymous_4)
FN:91,(anonymous_5)
FN:105,(anonymous_6)
FN:114,(anonymous_7)
FN:123,(anonymous_8)
FN:132,(anonymous_9)
FN:140,(anonymous_10)
FNF:11
FNH:11
FNDA:43,(anonymous_0)
FNDA:51,(anonymous_1)
FNDA:24,(anonymous_2)
FNDA:3,(anonymous_3)
FNDA:3,(anonymous_4)
FNDA:7,(anonymous_5)
FNDA:4,(anonymous_6)
FNDA:6,(anonymous_7)
FNDA:6,(anonymous_8)
FNDA:3,(anonymous_9)
FNDA:1,(anonymous_10)
DA:8,2
DA:16,2
DA:23,2
DA:24,43
DA:25,43
DA:34,51
DA:44,24
DA:46,24
DA:47,1
DA:48,1
DA:52,23
DA:53,9
DA:54,9
DA:55,2
DA:56,2
DA:60,7
DA:64,21
DA:65,21
DA:67,21
DA:75,3
DA:83,3
DA:92,7
DA:93,2
DA:96,5
DA:97,5
DA:106,4
DA:115,6
DA:124,6
DA:133,3
DA:141,1
LF:30
LH:30
BRDA:46,0,0,1
BRDA:52,1,0,9
BRDA:54,2,0,2
BRDA:54,3,0,9
BRDA:54,3,1,9
BRDA:83,4,0,3
BRDA:83,4,1,1
BRDA:92,5,0,2
BRDA:97,6,0,5
BRDA:97,6,1,0
BRF:10
BRH:9
end_of_record
TN:
SF:src/core/states/GameOverState.ts
FN:29,(anonymous_0)
FN:38,(anonymous_1)
FN:61,(anonymous_2)
FN:70,(anonymous_3)
FN:79,(anonymous_4)
FN:125,(anonymous_5)
FN:152,(anonymous_6)
FN:191,(anonymous_7)
FN:199,(anonymous_8)
FN:207,(anonymous_9)
FN:215,(anonymous_10)
FN:229,(anonymous_11)
FNF:12
FNH:0
FNDA:0,(anonymous_0)
FNDA:0,(anonymous_1)
FNDA:0,(anonymous_2)
FNDA:0,(anonymous_3)
FNDA:0,(anonymous_4)
FNDA:0,(anonymous_5)
FNDA:0,(anonymous_6)
FNDA:0,(anonymous_7)
FNDA:0,(anonymous_8)
FNDA:0,(anonymous_9)
FNDA:0,(anonymous_10)
FNDA:0,(anonymous_11)
DA:10,0
DA:14,0
DA:15,0
DA:20,0
DA:21,0
DA:22,0
DA:25,0
DA:26,0
DA:27,0
DA:30,0
DA:31,0
DA:39,0
DA:40,0
DA:41,0
DA:42,0
DA:45,0
DA:48,0
DA:49,0
DA:50,0
DA:51,0
DA:53,0
DA:62,0
DA:80,0
DA:83,0
DA:84,0
DA:87,0
DA:88,0
DA:89,0
DA:90,0
DA:91,0
DA:94,0
DA:95,0
DA:96,0
DA:99,0
DA:100,0
DA:101,0
DA:104,0
DA:106,0
DA:107,0
DA:108,0
DA:109,0
DA:112,0
DA:113,0
DA:114,0
DA:117,0
DA:122,0
DA:123,0
DA:125,0
DA:126,0
DA:127,0
DA:130,0
DA:131,0
DA:132,0
DA:136,0
DA:137,0
DA:138,0
DA:142,0
DA:143,0
DA:144,0
DA:154,0
DA:155,0
DA:156,0
DA:157,0
DA:159,0
DA:160,0
DA:161,0
DA:162,0
DA:165,0
DA:169,0
DA:171,0
DA:172,0
DA:174,0
DA:176,0
DA:179,0
DA:181,0
DA:182,0
DA:192,0
DA:200,0
DA:208,0
DA:216,0
DA:217,0
DA:218,0
DA:220,0
DA:221,0
DA:230,0
DA:231,0
DA:233,0
LF:87
LH:0
BRDA:48,0,0,0
BRDA:48,0,1,0
BRDA:104,1,0,0
BRDA:130,2,0,0
BRDA:136,3,0,0
BRDA:136,3,1,0
BRDA:137,4,0,0
BRDA:137,4,1,0
BRDA:154,5,0,0
BRDA:154,5,1,0
BRDA:154,6,0,0
BRDA:154,6,1,0
BRDA:155,7,0,0
BRDA:159,8,0,0
BRDA:159,8,1,0
BRDA:159,9,0,0
BRDA:159,9,1,0
BRDA:160,10,0,0
BRDA:169,11,0,0
BRDA:169,11,1,0
BRDA:171,12,0,0
BRDA:171,12,1,0
BRDA:171,13,0,0
BRDA:171,13,1,0
BRDA:174,14,0,0
BRDA:174,14,1,0
BRDA:181,15,0,0
BRDA:218,16,0,0
BRDA:218,16,1,0
BRF:29
BRH:0
end_of_record
TN:
SF:src/core/states/MenuState.ts
FN:21,(anonymous_0)
FN:30,(anonymous_1)
FN:39,(anonymous_2)
FN:48,(anonymous_3)
FN:57,(anonymous_4)
FN:97,(anonymous_5)
FNF:6
FNH:0
FNDA:0,(anonymous_0)
FNDA:0,(anonymous_1)
FNDA:0,(anonymous_2)
FNDA:0,(anonymous_3)
FNDA:0,(anonymous_4)
FNDA:0,(anonymous_5)
DA:10,0
DA:14,0
DA:15,0
DA:19,0
DA:22,0
DA:23,0
DA:31,0
DA:32,0
DA:40,0
DA:58,0
DA:61,0
DA:62,0
DA:65,0
DA:66,0
DA:67,0
DA:68,0
DA:69,0
DA:72,0
DA:73,0
DA:74,0
DA:77,0
DA:78,0
DA:79,0
DA:80,0
DA:81,0
DA:84,0
DA:85,0
DA:86,0
DA:87,0
DA:88,0
DA:89,0
DA:99,0
DA:104,0
DA:105,0
DA:106,0
DA:107,0
DA:108,0
LF:37
LH:0
BRDA:99,0,0,0
BRDA:99,0,1,0
BRDA:99,0,2,0
BRDA:104,1,0,0
BRDA:104,1,1,0
BRDA:104,2,0,0
BRDA:104,2,1,0
BRDA:107,3,0,0
BRF:8
BRH:0
end_of_record
TN:
SF:src/core/states/PausedState.ts
FN:24,(anonymous_0)
FN:33,(anonymous_1)
FN:44,(anonymous_2)
FN:53,(anonymous_3)
FN:62,(anonymous_4)
FN:90,(anonymous_5)
FN:118,(anonymous_6)
FNF:7
FNH:0
FNDA:0,(anonymous_0)
FNDA:0,(anonymous_1)
FNDA:0,(anonymous_2)
FNDA:0,(anonymous_3)
FNDA:0,(anonymous_4)
FNDA:0,(anonymous_5)
FNDA:0,(anonymous_6)
DA:10,0
DA:14,0
DA:15,0
DA:20,0
DA:21,0
DA:22,0
DA:25,0
DA:26,0
DA:34,0
DA:35,0
DA:36,0
DA:37,0
DA:45,0
DA:63,0
DA:66,0
DA:67,0
DA:70,0
DA:71,0
DA:72,0
DA:73,0
DA:74,0
DA:77,0
DA:78,0
DA:79,0
DA:82,0
DA:87,0
DA:88,0
DA:90,0
DA:91,0
DA:92,0
DA:95,0
DA:96,0
DA:97,0
DA:101,0
DA:102,0
DA:103,0
DA:107,0
DA:108,0
DA:109,0
DA:110,0
DA:120,0
DA:122,0
DA:123,0
DA:124,0
DA:125,0
DA:126,0
DA:127,0
DA:131,0
DA:132,0
DA:133,0
DA:134,0
DA:136,0
DA:137,0
DA:138,0
DA:139,0
DA:142,0
DA:146,0
DA:147,0
DA:149,0
DA:152,0
LF:60
LH:0
BRDA:95,0,0,0
BRDA:101,1,0,0
BRDA:101,1,1,0
BRDA:102,2,0,0
BRDA:102,2,1,0
BRDA:120,3,0,0
BRDA:120,3,1,0
BRDA:122,4,0,0
BRDA:122,4,1,0
BRDA:122,5,0,0
BRDA:122,5,1,0
BRDA:126,6,0,0
BRDA:131,7,0,0
BRDA:131,7,1,0
BRDA:131,8,0,0
BRDA:131,8,1,0
BRDA:132,9,0,0
BRDA:136,10,0,0
BRDA:136,10,1,0
BRDA:136,11,0,0
BRDA:136,11,1,0
BRDA:137,12,0,0
BRDA:146,13,0,0
BRDA:146,14,0,0
BRDA:146,14,1,0
BRDA:147,15,0,0
BRDA:147,15,1,0
BRF:27
BRH:0
end_of_record
TN:
SF:src/core/states/PlayingState.ts
FN:28,(anonymous_0)
FN:42,(anonymous_1)
FN:60,(anonymous_2)
FN:69,(anonymous_3)
FN:86,(anonymous_4)
FN:108,(anonymous_5)
FN:126,(anonymous_6)
FN:149,(anonymous_7)
FN:178,(anonymous_8)
FN:186,(anonymous_9)
FN:195,(anonymous_10)
FN:203,(anonymous_11)
FN:212,(anonymous_12)
FN:220,(anonymous_13)
FNF:14
FNH:0
FNDA:0,(anonymous_0)
FNDA:0,(anonymous_1)
FNDA:0,(anonymous_2)
FNDA:0,(anonymous_3)
FNDA:0,(anonymous_4)
FNDA:0,(anonymous_5)
FNDA:0,(anonymous_6)
FNDA:0,(anonymous_7)
FNDA:0,(anonymous_8)
FNDA:0,(anonymous_9)
FNDA:0,(anonymous_10)
FNDA:0,(anonymous_11)
FNDA:0,(anonymous_12)
FNDA:0,(anonymous_13)
DA:10,0
DA:15,0
DA:16,0
DA:23,0
DA:24,0
DA:25,0
DA:26,0
DA:33,0
DA:34,0
DA:35,0
DA:43,0
DA:44,0
DA:48,0
DA:49,0
DA:50,0
DA:53,0
DA:61,0
DA:70,0
DA:73,0
DA:76,0
DA:77,0
DA:87,0
DA:90,0
DA:91,0
DA:94,0
DA:97,0
DA:100,0
DA:110,0
DA:112,0
DA:113,0
DA:114,0
DA:115,0
DA:116,0
DA:127,0
DA:130,0
DA:133,0
DA:134,0
DA:135,0
DA:136,0
DA:138,0
DA:139,0
DA:142,0
DA:150,0
DA:153,0
DA:154,0
DA:155,0
DA:156,0
DA:157,0
DA:160,0
DA:161,0
DA:162,0
DA:165,0
DA:166,0
DA:167,0
DA:168,0
DA:179,0
DA:187,0
DA:196,0
DA:204,0
DA:213,0
DA:221,0
LF:61
LH:0
BRDA:76,0,0,0
BRDA:110,1,0,0
BRDA:110,1,1,0
BRDA:112,2,0,0
BRDA:112,2,1,0
BRDA:112,3,0,0
BRDA:112,3,1,0
BRDA:115,4,0,0
BRF:8
BRH:0
end_of_record
TN:
SF:src/entities/Bullet.ts
FN:48,(anonymous_0)
FN:90,(anonymous_1)
FN:108,(anonymous_2)
FN:118,(anonymous_3)
FN:126,(anonymous_4)
FN:142,(anonymous_5)
FN:160,(anonymous_6)
FN:176,(anonymous_7)
FN:224,(anonymous_8)
FNF:9
FNH:9
FNDA:182,(anonymous_0)
FNDA:6,(anonymous_1)
FNDA:8,(anonymous_2)
FNDA:3,(anonymous_3)
FNDA:6,(anonymous_4)
FNDA:8,(anonymous_5)
FNDA:2,(anonymous_6)
FNDA:3,(anonymous_7)
FNDA:121,(anonymous_8)
DA:11,7
DA:12,7
DA:14,7
DA:55,182
DA:56,182
DA:57,182
DA:58,182
DA:59,182
DA:62,182
DA:66,182
DA:67,182
DA:68,182
DA:69,182
DA:72,182
DA:73,182
DA:76,182
DA:77,182
DA:82,182
DA:83,182
DA:91,6
DA:94,6
DA:97,6
DA:100,6
DA:101,6
DA:109,8
DA:110,8
DA:119,3
DA:120,3
DA:128,6
DA:134,4
DA:144,8
DA:145,6
DA:146,5
DA:149,2
DA:150,1
DA:161,2
DA:162,2
DA:164,2
DA:177,3
DA:179,2
DA:182,2
DA:184,1
DA:187,1
DA:188,1
DA:189,1
DA:192,1
DA:193,1
DA:194,1
DA:197,1
DA:200,1
DA:201,1
DA:210,1
DA:213,1
DA:214,1
DA:215,1
DA:218,2
DA:225,121
LF:57
LH:57
BRDA:53,0,0,0
BRDA:62,1,0,120
BRDA:62,1,1,62
BRDA:77,2,0,120
BRDA:77,2,1,62
BRDA:91,3,0,0
BRDA:128,4,0,4
BRDA:129,5,0,6
BRDA:129,5,1,5
BRDA:129,5,2,4
BRDA:129,5,3,3
BRDA:144,6,0,6
BRDA:144,6,1,2
BRDA:145,7,0,5
BRDA:149,8,0,1
BRDA:165,9,0,2
BRDA:165,9,1,2
BRDA:165,9,2,1
BRDA:165,9,3,1
BRDA:177,10,0,1
BRDA:182,11,0,1
BRDA:182,11,1,1
BRF:22
BRH:20
end_of_record
TN:
SF:src/entities/EnemyAircraft.ts
FN:62,(anonymous_0)
FN:107,(anonymous_1)
FN:125,(anonymous_2)
FN:143,(anonymous_3)
FN:165,(anonymous_4)
FN:184,(anonymous_5)
FN:191,(anonymous_6)
FN:205,(anonymous_7)
FN:258,(anonymous_8)
FN:268,(anonymous_9)
FN:300,(anonymous_10)
FN:337,(anonymous_11)
FN:350,(anonymous_12)
FN:367,(anonymous_13)
FN:383,(anonymous_14)
FN:410,(anonymous_15)
FN:423,(anonymous_16)
FN:446,(anonymous_17)
FN:462,(anonymous_18)
FN:505,(anonymous_19)
FNF:20
FNH:17
FNDA:317,(anonymous_0)
FNDA:317,(anonymous_1)
FNDA:317,(anonymous_2)
FNDA:136,(anonymous_3)
FNDA:103,(anonymous_4)
FNDA:5,(anonymous_5)
FNDA:77,(anonymous_6)
FNDA:21,(anonymous_7)
FNDA:0,(anonymous_8)
FNDA:7,(anonymous_9)
FNDA:4,(anonymous_10)
FNDA:5,(anonymous_11)
FNDA:5,(anonymous_12)
FNDA:2,(anonymous_13)
FNDA:3,(anonymous_14)
FNDA:1,(anonymous_15)
FNDA:0,(anonymous_16)
FNDA:0,(anonymous_17)
FNDA:1,(anonymous_18)
FNDA:137,(anonymous_19)
DA:11,4
DA:12,4
DA:13,4
DA:15,4
DA:44,317
DA:45,317
DA:46,317
DA:47,317
DA:48,317
DA:68,317
DA:69,317
DA:70,317
DA:71,317
DA:72,317
DA:73,317
DA:74,317
DA:77,317
DA:79,317
DA:80,317
DA:81,317
DA:82,317
DA:83,317
DA:84,317
DA:85,317
DA:86,317
DA:89,317
DA:92,317
DA:93,317
DA:96,317
DA:97,317
DA:100,317
DA:101,317
DA:108,317
DA:110,153
DA:112,68
DA:114,66
DA:116,30
DA:118,0
DA:126,317
DA:129,221
DA:131,66
DA:133,30
DA:135,0
DA:144,136
DA:146,103
DA:149,103
DA:152,103
DA:153,2
DA:157,103
DA:158,103
DA:166,103
DA:168,5
DA:169,5
DA:171,77
DA:172,77
DA:174,21
DA:175,21
DA:177,0
DA:185,5
DA:193,77
DA:196,77
DA:199,77
DA:206,21
DA:208,21
DA:211,4
DA:212,3
DA:214,1
DA:215,1
DA:217,4
DA:221,17
DA:225,17
DA:228,17
DA:229,0
DA:230,0
DA:232,17
DA:236,0
DA:237,0
DA:240,0
DA:243,0
DA:245,0
DA:246,0
DA:247,0
DA:249,0
DA:259,0
DA:260,0
DA:270,7
DA:271,2
DA:275,5
DA:276,1
DA:279,4
DA:282,4
DA:283,4
DA:284,4
DA:286,4
DA:301,4
DA:302,0
DA:306,4
DA:307,1
DA:310,3
DA:311,3
DA:312,3
DA:315,3
DA:316,3
DA:317,3
DA:319,3
DA:320,9
DA:327,9
DA:330,3
DA:338,5
DA:340,5
DA:341,2
DA:342,2
DA:351,5
DA:354,4
DA:357,1
DA:358,1
DA:368,2
DA:369,2
DA:371,2
DA:384,3
DA:386,2
DA:389,2
DA:391,1
DA:392,1
DA:394,0
DA:395,0
DA:397,0
DA:398,0
DA:400,1
DA:401,1
DA:404,2
DA:411,1
DA:412,1
DA:413,1
DA:414,1
DA:415,1
DA:416,1
DA:417,1
DA:424,0
DA:425,0
DA:426,0
DA:427,0
DA:428,0
DA:429,0
DA:430,0
DA:431,0
DA:434,0
DA:435,0
DA:447,0
DA:448,0
DA:449,0
DA:450,0
DA:451,0
DA:452,0
DA:453,0
DA:454,0
DA:455,0
DA:456,0
DA:464,1
DA:465,1
DA:466,1
DA:467,1
DA:468,1
DA:469,1
DA:470,1
DA:471,1
DA:472,1
DA:475,1
DA:476,1
DA:477,1
DA:484,1
DA:487,1
DA:488,1
DA:489,1
DA:490,1
DA:493,1
DA:494,1
DA:497,1
DA:498,1
DA:499,1
DA:506,137
LF:181
LH:141
BRDA:66,0,0,0
BRDA:85,1,0,317
BRDA:85,1,1,219
BRDA:108,2,0,153
BRDA:108,2,1,68
BRDA:108,2,2,66
BRDA:108,2,3,30
BRDA:108,2,4,0
BRDA:126,3,0,153
BRDA:126,3,1,221
BRDA:126,3,2,66
BRDA:126,3,3,30
BRDA:126,3,4,0
BRDA:144,4,0,33
BRDA:152,5,0,2
BRDA:166,6,0,5
BRDA:166,6,1,77
BRDA:166,6,2,21
BRDA:166,6,3,0
BRDA:208,7,0,4
BRDA:208,7,1,17
BRDA:208,7,2,0
BRDA:211,8,0,3
BRDA:211,8,1,1
BRDA:228,9,0,0
BRDA:245,10,0,0
BRDA:270,11,0,2
BRDA:270,12,0,7
BRDA:270,12,1,2
BRDA:275,13,0,1
BRDA:275,14,0,5
BRDA:275,14,1,5
BRDA:301,15,0,0
BRDA:306,16,0,1
BRDA:306,17,0,4
BRDA:306,17,1,4
BRDA:340,18,0,2
BRDA:351,19,0,4
BRDA:351,19,1,1
BRDA:372,20,0,2
BRDA:372,20,1,2
BRDA:372,20,2,1
BRDA:372,20,3,1
BRDA:384,21,0,1
BRDA:389,22,0,1
BRDA:389,22,1,0
BRDA:389,22,2,0
BRDA:389,22,3,1
BRDA:498,23,0,1
BRDA:498,23,1,0
BRF:50
BRH:39
end_of_record
TN:
SF:src/entities/PlayerAircraft.ts
FN:49,(anonymous_0)
FN:87,(anonymous_1)
FN:112,(anonymous_2)
FN:130,(anonymous_3)
FN:141,(anonymous_4)
FN:223,(anonymous_5)
FN:242,(anonymous_6)
FN:250,(anonymous_7)
FN:260,(anonymous_8)
FN:269,(anonymous_9)
FN:286,(anonymous_10)
FN:302,(anonymous_11)
FN:339,(anonymous_12)
FN:348,(anonymous_13)
FNF:14
FNH:14
FNDA:57,(anonymous_0)
FNDA:3,(anonymous_1)
FNDA:8,(anonymous_2)
FNDA:6,(anonymous_3)
FNDA:8,(anonymous_4)
FNDA:6,(anonymous_5)
FNDA:5,(anonymous_6)
FNDA:6,(anonymous_7)
FNDA:4,(anonymous_8)
FNDA:2,(anonymous_9)
FNDA:2,(anonymous_10)
FNDA:2,(anonymous_11)
FNDA:1,(anonymous_12)
FNDA:1,(anonymous_13)
DA:11,3
DA:12,3
DA:13,3
DA:15,3
DA:50,57
DA:51,57
DA:52,57
DA:53,57
DA:54,57
DA:55,57
DA:56,57
DA:59,57
DA:60,57
DA:61,57
DA:64,57
DA:65,57
DA:68,57
DA:69,57
DA:70,57
DA:71,57
DA:72,57
DA:74,57
DA:75,57
DA:76,57
DA:79,57
DA:80,57
DA:88,3
DA:91,3
DA:94,3
DA:95,2
DA:96,2
DA:97,1
DA:98,1
DA:103,3
DA:104,3
DA:114,8
DA:115,8
DA:118,8
DA:119,8
DA:121,8
DA:122,8
DA:131,6
DA:132,6
DA:143,8
DA:144,1
DA:147,7
DA:148,7
DA:149,7
DA:152,7
DA:153,7
DA:156,7
DA:159,5
DA:166,5
DA:170,1
DA:171,1
DA:178,1
DA:185,1
DA:190,1
DA:191,1
DA:198,1
DA:205,1
DA:212,1
DA:215,7
DA:224,6
DA:226,5
DA:228,5
DA:229,1
DA:230,1
DA:233,4
DA:234,4
DA:243,5
DA:251,6
DA:252,4
DA:261,4
DA:262,4
DA:270,2
DA:273,2
DA:274,2
DA:277,0
DA:287,2
DA:288,2
DA:290,2
DA:303,2
DA:306,1
DA:307,0
DA:310,1
DA:313,1
DA:314,1
DA:315,1
DA:316,1
DA:317,1
DA:318,1
DA:319,1
DA:322,1
DA:323,1
DA:324,1
DA:331,1
DA:333,1
DA:340,1
DA:349,1
DA:350,1
DA:351,1
DA:352,1
DA:353,1
DA:354,1
DA:355,1
DA:356,1
DA:357,1
DA:358,1
DA:359,1
DA:360,1
LF:111
LH:109
BRDA:49,0,0,0
BRDA:88,1,0,0
BRDA:94,2,0,2
BRDA:96,3,0,1
BRDA:143,4,0,1
BRDA:156,5,0,5
BRDA:156,5,1,1
BRDA:156,5,2,1
BRDA:156,5,3,1
BRDA:224,6,0,1
BRDA:224,7,0,6
BRDA:224,7,1,5
BRDA:228,8,0,1
BRDA:228,8,1,4
BRDA:251,9,0,4
BRDA:270,10,0,1
BRDA:270,10,1,2
BRDA:270,10,2,0
BRDA:291,11,0,2
BRDA:291,11,1,2
BRDA:291,11,2,1
BRDA:291,11,3,1
BRDA:303,12,0,1
BRDA:306,13,0,0
BRDA:306,14,0,1
BRDA:306,14,1,0
BRF:26
BRH:21
end_of_record
TN:
SF:src/entities/PowerUp.ts
FN:54,(anonymous_0)
FN:87,(anonymous_1)
FN:111,(anonymous_2)
FN:120,(anonymous_3)
FN:129,(anonymous_4)
FN:152,(anonymous_5)
FN:164,(anonymous_6)
FN:180,(anonymous_7)
FN:213,(anonymous_8)
FN:249,(anonymous_9)
FN:285,(anonymous_10)
FN:319,(anonymous_11)
FN:327,(anonymous_12)
FNF:13
FNH:13
FNDA:177,(anonymous_0)
FNDA:5,(anonymous_1)
FNDA:5,(anonymous_2)
FNDA:1,(anonymous_3)
FNDA:9,(anonymous_4)
FNDA:2,(anonymous_5)
FNDA:2,(anonymous_6)
FNDA:4,(anonymous_7)
FNDA:1,(anonymous_8)
FNDA:1,(anonymous_9)
FNDA:1,(anonymous_10)
FNDA:1,(anonymous_11)
FNDA:159,(anonymous_12)
DA:11,3
DA:12,3
DA:15,3
DA:37,177
DA:38,177
DA:45,3
DA:60,177
DA:61,177
DA:62,177
DA:63,177
DA:64,177
DA:65,177
DA:67,177
DA:68,177
DA:69,177
DA:72,177
DA:73,177
DA:76,177
DA:77,177
DA:80,177
DA:88,5
DA:91,5
DA:92,5
DA:95,5
DA:98,5
DA:99,1
DA:103,5
DA:104,5
DA:112,5
DA:121,1
DA:122,1
DA:130,9
DA:132,3
DA:133,3
DA:136,3
DA:137,3
DA:140,3
DA:141,3
DA:145,9
DA:153,2
DA:155,1
DA:165,2
DA:166,2
DA:168,2
DA:181,4
DA:183,3
DA:186,3
DA:187,3
DA:188,3
DA:189,3
DA:190,3
DA:193,3
DA:195,1
DA:196,1
DA:199,1
DA:200,1
DA:203,1
DA:204,1
DA:207,3
DA:214,1
DA:215,1
DA:216,1
DA:217,1
DA:218,1
DA:221,1
DA:222,1
DA:224,1
DA:225,10
DA:226,10
DA:227,10
DA:228,10
DA:230,10
DA:231,1
DA:233,9
DA:237,1
DA:238,1
DA:241,1
DA:242,1
DA:243,1
DA:250,1
DA:251,1
DA:253,1
DA:256,1
DA:264,1
DA:272,1
DA:273,1
DA:274,1
DA:286,1
DA:287,1
DA:288,1
DA:291,1
DA:292,1
DA:293,1
DA:294,1
DA:297,1
DA:298,1
DA:299,1
DA:300,1
DA:301,1
DA:302,1
DA:303,1
DA:304,1
DA:305,1
DA:306,1
DA:309,1
DA:310,1
DA:311,1
DA:312,1
DA:313,1
DA:320,1
DA:328,159
DA:329,159
DA:331,159
DA:332,159
DA:334,159
DA:335,285
DA:336,285
DA:337,159
DA:341,0
LF:119
LH:118
BRDA:58,0,0,0
BRDA:88,1,0,0
BRDA:98,2,0,1
BRDA:130,3,0,3
BRDA:130,3,1,3
BRDA:130,3,2,3
BRDA:153,4,0,1
BRDA:169,5,0,2
BRDA:169,5,1,2
BRDA:169,5,2,1
BRDA:169,5,3,1
BRDA:181,6,0,1
BRDA:193,7,0,1
BRDA:193,7,1,1
BRDA:193,7,2,1
BRDA:225,8,0,5
BRDA:225,8,1,5
BRDA:230,9,0,1
BRDA:230,9,1,9
BRDA:336,10,0,159
BRF:20
BRH:18
end_of_record
TN:
SF:src/systems/AudioManager.ts
FN:36,(anonymous_0)
FN:49,(anonymous_1)
FN:71,(anonymous_2)
FN:72,(anonymous_3)
FN:75,(anonymous_4)
FN:80,(anonymous_5)
FN:97,(anonymous_6)
FN:98,(anonymous_7)
FN:101,(anonymous_8)
FN:109,(anonymous_9)
FN:126,(anonymous_10)
FN:141,(anonymous_11)
FN:147,(anonymous_12)
FN:159,(anonymous_13)
FN:164,(anonymous_14)
FN:177,(anonymous_15)
FN:192,(anonymous_16)
FN:206,(anonymous_17)
FN:210,(anonymous_18)
FN:223,(anonymous_19)
FN:231,(anonymous_20)
FN:240,(anonymous_21)
FN:252,(anonymous_22)
FN:261,(anonymous_23)
FN:276,(anonymous_24)
FN:288,(anonymous_25)
FN:296,(anonymous_26)
FN:309,(anonymous_27)
FN:326,(anonymous_28)
FN:334,(anonymous_29)
FN:343,(anonymous_30)
FN:367,(anonymous_31)
FN:383,(anonymous_32)
FNF:33
FNH:26
FNDA:28,(anonymous_0)
FNDA:3,(anonymous_1)
FNDA:11,(anonymous_2)
FNDA:11,(anonymous_3)
FNDA:11,(anonymous_4)
FNDA:0,(anonymous_5)
FNDA:1,(anonymous_6)
FNDA:1,(anonymous_7)
FNDA:1,(anonymous_8)
FNDA:0,(anonymous_9)
FNDA:2,(anonymous_10)
FNDA:0,(anonymous_11)
FNDA:0,(anonymous_12)
FNDA:1,(anonymous_13)
FNDA:0,(anonymous_14)
FNDA:1,(anonymous_15)
FNDA:1,(anonymous_16)
FNDA:1,(anonymous_17)
FNDA:0,(anonymous_18)
FNDA:5,(anonymous_19)
FNDA:3,(anonymous_20)
FNDA:4,(anonymous_21)
FNDA:3,(anonymous_22)
FNDA:4,(anonymous_23)
FNDA:5,(anonymous_24)
FNDA:6,(anonymous_25)
FNDA:4,(anonymous_26)
FNDA:2,(anonymous_27)
FNDA:1,(anonymous_28)
FNDA:1,(anonymous_29)
FNDA:2,(anonymous_30)
FNDA:31,(anonymous_31)
FNDA:0,(anonymous_32)
DA:8,1
DA:27,1
DA:28,28
DA:29,28
DA:30,28
DA:31,28
DA:32,28
DA:33,28
DA:34,28
DA:38,28
DA:39,28
DA:41,0
DA:50,3
DA:53,2
DA:54,0
DA:55,0
DA:57,0
DA:61,2
DA:72,11
DA:73,11
DA:75,11
DA:76,11
DA:77,11
DA:80,11
DA:81,0
DA:83,0
DA:86,11
DA:87,11
DA:98,1
DA:99,1
DA:101,1
DA:102,1
DA:103,1
DA:104,1
DA:106,1
DA:109,1
DA:110,0
DA:111,0
DA:113,0
DA:116,1
DA:117,1
DA:127,2
DA:129,1
DA:130,1
DA:132,1
DA:135,0
DA:137,0
DA:138,0
DA:141,0
DA:143,0
DA:147,0
DA:148,0
DA:151,0
DA:160,1
DA:162,0
DA:163,0
DA:164,0
DA:166,0
DA:169,0
DA:178,1
DA:180,0
DA:181,0
DA:182,0
DA:184,0
DA:193,1
DA:195,0
DA:196,0
DA:198,0
DA:207,1
DA:209,0
DA:210,0
DA:211,0
DA:214,0
DA:224,5
DA:232,3
DA:241,4
DA:243,4
DA:244,0
DA:253,3
DA:262,4
DA:264,4
DA:265,0
DA:268,4
DA:277,5
DA:279,5
DA:280,0
DA:289,6
DA:297,4
DA:310,2
DA:311,2
DA:313,2
DA:314,1
DA:316,2
DA:317,2
DA:327,1
DA:335,1
DA:344,2
DA:352,2
DA:354,2
DA:355,10
DA:360,2
DA:369,31
DA:370,1
DA:371,1
DA:372,1
DA:376,31
DA:377,11
DA:379,31
DA:382,31
DA:383,28
DA:384,28
DA:387,31
LF:112
LH:76
BRDA:39,0,0,28
BRDA:39,0,1,0
BRDA:50,1,0,1
BRDA:53,2,0,0
BRDA:53,3,0,2
BRDA:53,3,1,2
BRDA:102,4,0,1
BRDA:104,5,0,0
BRDA:104,5,1,1
BRDA:127,6,0,1
BRDA:130,7,0,1
BRDA:160,8,0,1
BRDA:163,9,0,0
BRDA:163,9,1,0
BRDA:178,10,0,1
BRDA:193,11,0,1
BRDA:207,12,0,1
BRDA:207,13,0,1
BRDA:207,13,1,0
BRDA:243,14,0,0
BRDA:243,15,0,4
BRDA:243,15,1,0
BRDA:264,16,0,0
BRDA:265,17,0,0
BRDA:265,17,1,0
BRDA:279,18,0,0
BRDA:280,19,0,0
BRDA:280,19,1,0
BRDA:310,20,0,2
BRDA:313,21,0,1
BRDA:316,22,0,2
BRDA:343,23,0,1
BRDA:369,24,0,1
BRDA:382,25,0,28
BRF:34
BRH:20
end_of_record
TN:
SF:src/systems/BackgroundRenderer.ts
FN:52,(anonymous_0)
FN:61,(anonymous_1)
FN:71,(anonymous_2)
FN:91,(anonymous_3)
FN:116,(anonymous_4)
FN:172,(anonymous_5)
FN:187,(anonymous_6)
FN:241,(anonymous_7)
FN:274,(anonymous_8)
FN:299,(anonymous_9)
FN:307,(anonymous_10)
FN:315,(anonymous_11)
FNF:12
FNH:0
FNDA:0,(anonymous_0)
FNDA:0,(anonymous_1)
FNDA:0,(anonymous_2)
FNDA:0,(anonymous_3)
FNDA:0,(anonymous_4)
FNDA:0,(anonymous_5)
FNDA:0,(anonymous_6)
FNDA:0,(anonymous_7)
FNDA:0,(anonymous_8)
FNDA:0,(anonymous_9)
FNDA:0,(anonymous_10)
FNDA:0,(anonymous_11)
DA:8,0
DA:40,0
DA:42,0
DA:43,0
DA:44,0
DA:45,0
DA:46,0
DA:49,0
DA:50,0
DA:53,0
DA:54,0
DA:62,0
DA:63,0
DA:64,0
DA:72,0
DA:73,0
DA:75,0
DA:76,0
DA:92,0
DA:93,0
DA:100,0
DA:101,0
DA:117,0
DA:118,0
DA:121,0
DA:122,0
DA:123,0
DA:124,0
DA:127,0
DA:128,0
DA:129,0
DA:130,0
DA:131,0
DA:132,0
DA:133,0
DA:134,0
DA:137,0
DA:138,0
DA:139,0
DA:140,0
DA:141,0
DA:145,0
DA:146,0
DA:147,0
DA:148,0
DA:151,0
DA:152,0
DA:160,0
DA:161,0
DA:162,0
DA:163,0
DA:173,0
DA:174,0
DA:176,0
DA:177,0
DA:178,0
DA:188,0
DA:191,0
DA:192,0
DA:195,0
DA:197,0
DA:205,0
DA:206,0
DA:217,0
DA:218,0
DA:219,0
DA:220,0
DA:227,0
DA:231,0
DA:234,0
DA:242,0
DA:244,0
DA:245,0
DA:246,0
DA:247,0
DA:249,0
DA:250,0
DA:251,0
DA:252,0
DA:253,0
DA:256,0
DA:257,0
DA:258,0
DA:259,0
DA:260,0
DA:261,0
DA:262,0
DA:263,0
DA:264,0
DA:275,0
DA:278,0
DA:279,0
DA:280,0
DA:284,0
DA:285,0
DA:286,0
DA:288,0
DA:289,0
DA:290,0
DA:291,0
DA:300,0
DA:308,0
DA:316,0
DA:317,0
LF:104
LH:0
BRDA:52,0,0,0
BRDA:177,1,0,0
BRDA:195,2,0,0
BRDA:205,3,0,0
BRDA:217,4,0,0
BRDA:249,5,0,0
BRDA:256,6,0,0
BRDA:256,7,0,0
BRDA:256,7,1,0
BRDA:279,8,0,0
BRDA:279,9,0,0
BRDA:279,9,1,0
BRF:12
BRH:0
end_of_record
TN:
SF:src/systems/CollisionSystem.ts
FN:33,(anonymous_0)
FN:56,(anonymous_1)
FN:58,(anonymous_2)
FN:70,(anonymous_3)
FN:86,(anonymous_4)
FN:94,(anonymous_5)
FN:121,(anonymous_6)
FN:131,(anonymous_7)
FN:154,(anonymous_8)
FN:184,(anonymous_9)
FN:216,(anonymous_10)
FN:245,(anonymous_11)
FN:258,(anonymous_12)
FN:273,(anonymous_13)
FN:297,(anonymous_14)
FN:311,(anonymous_15)
FN:312,(anonymous_16)
FNF:17
FNH:16
FNDA:1,(anonymous_0)
FNDA:24,(anonymous_1)
FNDA:96,(anonymous_2)
FNDA:19,(anonymous_3)
FNDA:6,(anonymous_4)
FNDA:8,(anonymous_5)
FNDA:4,(anonymous_6)
FNDA:4,(anonymous_7)
FNDA:3,(anonymous_8)
FNDA:3,(anonymous_9)
FNDA:1,(anonymous_10)
FNDA:3,(anonymous_11)
FNDA:1,(anonymous_12)
FNDA:4,(anonymous_13)
FNDA:0,(anonymous_14)
FNDA:1,(anonymous_15)
FNDA:4,(anonymous_16)
DA:14,1
DA:33,1
DA:35,1
DA:37,1
DA:39,1
DA:41,1
DA:53,1
DA:54,24
DA:58,24
DA:59,96
DA:71,19
DA:90,6
DA:93,6
DA:94,8
DA:97,6
DA:98,5
DA:99,7
DA:101,6
DA:102,4
DA:111,6
DA:125,4
DA:127,4
DA:130,3
DA:131,4
DA:134,3
DA:135,2
DA:136,2
DA:144,3
DA:158,3
DA:160,3
DA:162,2
DA:163,2
DA:165,2
DA:166,2
DA:174,2
DA:188,3
DA:190,3
DA:192,3
DA:193,3
DA:195,2
DA:196,2
DA:204,3
DA:222,1
DA:225,1
DA:228,1
DA:231,1
DA:234,1
DA:236,1
DA:246,3
DA:247,3
DA:248,3
DA:259,1
DA:260,1
DA:261,1
DA:262,1
DA:263,1
DA:274,4
DA:276,4
DA:277,4
DA:280,4
DA:281,4
DA:282,4
DA:283,1
DA:303,0
DA:304,0
DA:312,1
DA:313,4
LF:67
LH:65
BRDA:33,0,0,1
BRDA:33,0,1,1
BRDA:72,1,0,19
BRDA:72,1,1,17
BRDA:72,1,2,14
BRDA:72,1,3,14
BRDA:94,2,0,8
BRDA:94,2,1,7
BRDA:99,3,0,1
BRDA:101,4,0,4
BRDA:127,5,0,1
BRDA:131,6,0,4
BRDA:131,6,1,4
BRDA:135,7,0,2
BRDA:160,8,0,1
BRDA:163,9,0,0
BRDA:165,10,0,2
BRDA:190,11,0,0
BRDA:193,12,0,1
BRDA:195,13,0,2
BRDA:247,14,0,3
BRDA:260,15,0,1
BRDA:262,16,0,1
BRDA:281,17,0,4
BRF:24
BRH:22
end_of_record
TN:
SF:src/systems/RenderSystem.ts
FN:46,(anonymous_0)
FN:80,(anonymous_1)
FN:93,(anonymous_2)
FN:94,(anonymous_3)
FN:96,(anonymous_4)
FN:99,(anonymous_5)
FN:111,(anonymous_6)
FN:120,(anonymous_7)
FN:138,(anonymous_8)
FN:180,(anonymous_9)
FN:191,(anonymous_10)
FN:206,(anonymous_11)
FN:246,(anonymous_12)
FN:283,(anonymous_13)
FN:320,(anonymous_14)
FN:330,(anonymous_15)
FN:354,(anonymous_16)
FN:385,(anonymous_17)
FN:433,(anonymous_18)
FN:444,(anonymous_19)
FN:463,(anonymous_20)
FN:503,(anonymous_21)
FN:526,(anonymous_22)
FN:562,(anonymous_23)
FN:570,(anonymous_24)
FN:579,(anonymous_25)
FN:588,(anonymous_26)
FNF:27
FNH:26
FNDA:1,(anonymous_0)
FNDA:22,(anonymous_1)
FNDA:1,(anonymous_2)
FNDA:1,(anonymous_3)
FNDA:1,(anonymous_4)
FNDA:0,(anonymous_5)
FNDA:1,(anonymous_6)
FNDA:102,(anonymous_7)
FNDA:3,(anonymous_8)
FNDA:2,(anonymous_9)
FNDA:1,(anonymous_10)
FNDA:1,(anonymous_11)
FNDA:1,(anonymous_12)
FNDA:6,(anonymous_13)
FNDA:105,(anonymous_14)
FNDA:102,(anonymous_15)
FNDA:102,(anonymous_16)
FNDA:4,(anonymous_17)
FNDA:1,(anonymous_18)
FNDA:4,(anonymous_19)
FNDA:1,(anonymous_20)
FNDA:1,(anonymous_21)
FNDA:1,(anonymous_22)
FNDA:1,(anonymous_23)
FNDA:2,(anonymous_24)
FNDA:1,(anonymous_25)
FNDA:1,(anonymous_26)
DA:9,1
DA:46,1
DA:47,1
DA:48,1
DA:49,1
DA:50,1
DA:51,1
DA:52,1
DA:53,1
DA:60,1
DA:65,22
DA:66,22
DA:69,22
DA:70,22
DA:73,22
DA:84,22
DA:85,22
DA:94,1
DA:95,1
DA:96,1
DA:97,1
DA:99,1
DA:100,0
DA:101,0
DA:103,1
DA:112,1
DA:122,102
DA:123,102
DA:124,0
DA:128,102
DA:131,102
DA:139,3
DA:140,3
DA:143,3
DA:144,3
DA:145,3
DA:146,3
DA:148,3
DA:149,3
DA:152,3
DA:153,3
DA:154,3
DA:156,3
DA:158,150
DA:159,150
DA:160,150
DA:161,150
DA:164,150
DA:166,150
DA:167,150
DA:168,150
DA:169,150
DA:172,3
DA:181,2
DA:182,1
DA:192,1
DA:193,2
DA:194,2
DA:207,1
DA:208,1
DA:210,1
DA:213,1
DA:214,1
DA:215,1
DA:216,1
DA:219,1
DA:220,1
DA:221,1
DA:222,1
DA:225,1
DA:228,1
DA:229,1
DA:230,1
DA:231,1
DA:234,1
DA:235,1
DA:237,1
DA:247,1
DA:248,1
DA:250,1
DA:251,1
DA:252,1
DA:253,1
DA:256,1
DA:257,1
DA:260,1
DA:261,1
DA:262,1
DA:265,1
DA:266,1
DA:267,1
DA:270,1
DA:271,1
DA:272,1
DA:273,1
DA:284,6
DA:285,6
DA:288,6
DA:289,105
DA:290,105
DA:292,105
DA:305,6
DA:321,105
DA:322,105
DA:331,102
DA:332,1
DA:335,1
DA:336,1
DA:339,1
DA:340,1
DA:343,1
DA:344,0
DA:355,102
DA:356,3
DA:359,3
DA:360,3
DA:361,3
DA:364,3
DA:365,45
DA:366,45
DA:367,45
DA:368,45
DA:371,45
DA:375,3
DA:376,1
DA:386,4
DA:389,4
DA:391,1
DA:392,1
DA:393,1
DA:394,1
DA:395,1
DA:396,1
DA:397,1
DA:398,1
DA:401,1
DA:402,15
DA:404,15
DA:405,15
DA:406,15
DA:407,15
DA:408,15
DA:409,15
DA:410,15
DA:415,4
DA:416,0
DA:418,0
DA:419,0
DA:420,0
DA:421,0
DA:422,0
DA:423,0
DA:424,0
DA:434,1
DA:445,4
DA:464,1
DA:465,1
DA:468,1
DA:469,1
DA:472,1
DA:473,1
DA:474,1
DA:475,1
DA:478,1
DA:479,1
DA:480,1
DA:483,1
DA:484,1
DA:485,1
DA:488,1
DA:489,1
DA:490,1
DA:491,1
DA:494,1
DA:495,1
DA:496,1
DA:504,1
DA:505,1
DA:508,1
DA:509,1
DA:512,1
DA:513,1
DA:514,1
DA:515,1
DA:518,1
DA:519,1
DA:527,1
DA:528,1
DA:531,1
DA:534,1
DA:535,1
DA:536,1
DA:537,1
DA:540,1
DA:541,1
DA:542,1
DA:545,1
DA:546,1
DA:547,1
DA:550,1
DA:551,1
DA:552,1
DA:553,1
DA:554,1
DA:563,1
DA:571,2
DA:572,2
DA:580,1
DA:581,1
DA:589,1
LF:210
LH:198
BRDA:46,0,0,1
BRDA:46,0,1,1
BRDA:82,1,0,0
BRDA:123,2,0,0
BRDA:181,3,0,1
BRDA:193,4,0,2
BRDA:261,5,0,1
BRDA:261,5,1,0
BRDA:283,6,0,5
BRDA:343,7,0,0
BRDA:375,8,0,1
BRDA:402,9,0,0
BRDA:416,10,0,0
BRF:13
BRH:7
end_of_record
TN:
SF:src/systems/ScoreSystem.ts
FN:47,(anonymous_0)
FN:58,(anonymous_1)
FN:91,(anonymous_2)
FN:99,(anonymous_3)
FN:108,(anonymous_4)
FN:116,(anonymous_5)
FN:125,(anonymous_6)
FN:138,(anonymous_7)
FN:146,(anonymous_8)
FN:154,(anonymous_9)
FN:162,(anonymous_10)
FN:171,(anonymous_11)
FN:183,(anonymous_12)
FN:194,(anonymous_13)
FN:202,(anonymous_14)
FN:210,(anonymous_15)
FN:223,(anonymous_16)
FN:242,(anonymous_17)
FN:258,(anonymous_18)
FN:280,(anonymous_19)
FN:296,(anonymous_20)
FNF:21
FNH:21
FNDA:29,(anonymous_0)
FNDA:27,(anonymous_1)
FNDA:6,(anonymous_2)
FNDA:6,(anonymous_3)
FNDA:4,(anonymous_4)
FNDA:28,(anonymous_5)
FNDA:1,(anonymous_6)
FNDA:6,(anonymous_7)
FNDA:10,(anonymous_8)
FNDA:3,(anonymous_9)
FNDA:5,(anonymous_10)
FNDA:2,(anonymous_11)
FNDA:6,(anonymous_12)
FNDA:3,(anonymous_13)
FNDA:2,(anonymous_14)
FNDA:6,(anonymous_15)
FNDA:30,(anonymous_16)
FNDA:3,(anonymous_17)
FNDA:1,(anonymous_18)
FNDA:3,(anonymous_19)
FNDA:1,(anonymous_20)
DA:27,1
DA:33,1
DA:34,29
DA:35,29
DA:36,29
DA:37,29
DA:38,29
DA:41,29
DA:42,29
DA:43,29
DA:44,29
DA:45,29
DA:48,29
DA:59,27
DA:62,27
DA:64,13
DA:65,12
DA:67,1
DA:69,13
DA:72,13
DA:73,4
DA:77,27
DA:80,27
DA:81,26
DA:84,27
DA:92,6
DA:100,6
DA:109,4
DA:117,28
DA:126,1
DA:139,6
DA:147,10
DA:155,3
DA:163,5
DA:172,2
DA:184,6
DA:185,1
DA:187,5
DA:195,3
DA:203,2
DA:211,6
DA:212,6
DA:215,0
DA:224,30
DA:225,30
DA:226,30
DA:227,4
DA:228,4
DA:229,2
DA:234,0
DA:244,3
DA:246,3
DA:247,3
DA:248,3
DA:249,3
DA:250,3
DA:251,3
DA:259,1
DA:260,1
DA:261,1
DA:262,1
DA:263,1
DA:264,1
DA:265,1
DA:268,1
DA:269,1
DA:271,0
DA:281,3
DA:282,3
DA:285,3
DA:286,2
DA:289,3
DA:297,1
DA:298,1
DA:300,1
DA:301,1
DA:304,1
LF:77
LH:74
BRDA:62,0,0,13
BRDA:64,1,0,12
BRDA:64,1,1,1
BRDA:72,2,0,4
BRDA:80,3,0,26
BRDA:173,4,0,2
BRDA:173,4,1,2
BRDA:184,5,0,1
BRDA:226,6,0,4
BRDA:228,7,0,2
BRDA:228,8,0,4
BRDA:228,8,1,3
BRDA:285,9,0,2
BRDA:300,10,0,1
BRF:14
BRH:14
end_of_record
TN:
SF:src/systems/SpawnSystem.ts
FN:53,(anonymous_0)
FN:72,(anonymous_1)
FN:89,(anonymous_2)
FN:103,(anonymous_3)
FN:120,(anonymous_4)
FN:142,(anonymous_5)
FN:162,(anonymous_6)
FN:185,(anonymous_7)
FN:199,(anonymous_8)
FN:212,(anonymous_9)
FN:221,(anonymous_10)
FN:235,(anonymous_11)
FN:252,(anonymous_12)
FN:260,(anonymous_13)
FN:268,(anonymous_14)
FN:276,(anonymous_15)
FN:284,(anonymous_16)
FN:292,(anonymous_17)
FN:306,(anonymous_18)
FN:314,(anonymous_19)
FNF:20
FNH:20
FNDA:23,(anonymous_0)
FNDA:106,(anonymous_1)
FNDA:106,(anonymous_2)
FNDA:109,(anonymous_3)
FNDA:125,(anonymous_4)
FNDA:124,(anonymous_5)
FNDA:1224,(anonymous_6)
FNDA:139,(anonymous_7)
FNDA:1000,(anonymous_8)
FNDA:139,(anonymous_9)
FNDA:60,(anonymous_10)
FNDA:6,(anonymous_11)
FNDA:1,(anonymous_12)
FNDA:7,(anonymous_13)
FNDA:4,(anonymous_14)
FNDA:2,(anonymous_15)
FNDA:3,(anonymous_16)
FNDA:1,(anonymous_17)
FNDA:1,(anonymous_18)
FNDA:3,(anonymous_19)
DA:8,1
DA:9,1
DA:10,1
DA:11,1
DA:31,1
DA:34,23
DA:35,23
DA:36,23
DA:37,23
DA:38,23
DA:39,23
DA:42,23
DA:57,23
DA:58,23
DA:73,106
DA:76,106
DA:79,106
DA:80,103
DA:81,103
DA:90,106
DA:92,106
DA:93,103
DA:94,103
DA:105,109
DA:106,109
DA:109,109
DA:112,109
DA:122,125
DA:124,124
DA:125,124
DA:128,124
DA:129,124
DA:132,124
DA:134,124
DA:135,124
DA:143,124
DA:145,81
DA:147,22
DA:149,21
DA:151,0
DA:153,0
DA:163,1224
DA:164,1224
DA:167,1224
DA:168,1885
DA:169,1885
DA:170,1224
DA:175,0
DA:186,139
DA:187,139
DA:188,139
DA:200,1000
DA:201,138
DA:202,138
DA:204,862
DA:213,139
DA:222,60
DA:225,60
DA:226,1
DA:236,6
DA:239,6
DA:240,6
DA:242,6
DA:243,6
DA:245,6
DA:253,1
DA:261,7
DA:269,4
DA:277,2
DA:285,3
DA:293,1
DA:294,1
DA:295,1
DA:296,1
DA:297,1
DA:298,1
DA:307,1
DA:315,3
LF:78
LH:75
BRDA:55,0,0,1
BRDA:59,1,0,23
BRDA:59,1,1,22
BRDA:60,2,0,23
BRDA:60,2,1,22
BRDA:61,3,0,23
BRDA:61,3,1,22
BRDA:79,4,0,103
BRDA:92,5,0,103
BRDA:122,6,0,1
BRDA:143,7,0,81
BRDA:143,7,1,22
BRDA:143,7,2,21
BRDA:143,7,3,0
BRDA:143,7,4,0
BRDA:169,8,0,1224
BRDA:200,9,0,138
BRDA:225,10,0,1
BRDA:225,11,0,60
BRDA:225,11,1,1
BRF:20
BRH:18
end_of_record
TN:
SF:src/systems/SpriteManager.ts
FN:15,(anonymous_0)
FN:50,(anonymous_1)
FN:56,(anonymous_2)
FN:81,(anonymous_3)
FN:89,(anonymous_4)
FN:108,(anonymous_5)
FN:125,(anonymous_6)
FN:189,(anonymous_7)
FN:203,(anonymous_8)
FN:230,(anonymous_9)
FN:266,(anonymous_10)
FN:303,(anonymous_11)
FN:367,(anonymous_12)
FN:425,(anonymous_13)
FN:447,(anonymous_14)
FN:479,(anonymous_15)
FN:501,(anonymous_16)
FN:539,(anonymous_17)
FN:555,(anonymous_18)
FN:606,(anonymous_19)
FN:617,(anonymous_20)
FN:637,(anonymous_21)
FNF:22
FNH:0
FNDA:0,(anonymous_0)
FNDA:0,(anonymous_1)
FNDA:0,(anonymous_2)
FNDA:0,(anonymous_3)
FNDA:0,(anonymous_4)
FNDA:0,(anonymous_5)
FNDA:0,(anonymous_6)
FNDA:0,(anonymous_7)
FNDA:0,(anonymous_8)
FNDA:0,(anonymous_9)
FNDA:0,(anonymous_10)
FNDA:0,(anonymous_11)
FNDA:0,(anonymous_12)
FNDA:0,(anonymous_13)
FNDA:0,(anonymous_14)
FNDA:0,(anonymous_15)
FNDA:0,(anonymous_16)
FNDA:0,(anonymous_17)
FNDA:0,(anonymous_18)
FNDA:0,(anonymous_19)
FNDA:0,(anonymous_20)
FNDA:0,(anonymous_21)
DA:9,0
DA:15,0
DA:16,0
DA:17,0
DA:18,0
DA:19,0
DA:20,0
DA:21,0
DA:22,0
DA:23,0
DA:24,0
DA:25,0
DA:26,0
DA:27,0
DA:28,0
DA:29,0
DA:46,0
DA:47,0
DA:48,0
DA:57,0
DA:60,0
DA:63,0
DA:66,0
DA:69,0
DA:72,0
DA:74,0
DA:82,0
DA:90,0
DA:92,0
DA:94,0
DA:96,0
DA:98,0
DA:100,0
DA:109,0
DA:111,0
DA:113,0
DA:115,0
DA:117,0
DA:126,0
DA:127,0
DA:128,0
DA:129,0
DA:132,0
DA:133,0
DA:134,0
DA:135,0
DA:138,0
DA:139,0
DA:140,0
DA:141,0
DA:142,0
DA:143,0
DA:144,0
DA:145,0
DA:146,0
DA:147,0
DA:148,0
DA:149,0
DA:150,0
DA:153,0
DA:157,0
DA:158,0
DA:159,0
DA:160,0
DA:161,0
DA:162,0
DA:163,0
DA:166,0
DA:167,0
DA:168,0
DA:169,0
DA:170,0
DA:171,0
DA:172,0
DA:175,0
DA:176,0
DA:177,0
DA:178,0
DA:179,0
DA:180,0
DA:182,0
DA:191,0
DA:194,0
DA:197,0
DA:200,0
DA:204,0
DA:205,0
DA:206,0
DA:207,0
DA:209,0
DA:210,0
DA:211,0
DA:213,0
DA:214,0
DA:215,0
DA:216,0
DA:217,0
DA:218,0
DA:219,0
DA:222,0
DA:223,0
DA:224,0
DA:225,0
DA:227,0
DA:231,0
DA:232,0
DA:233,0
DA:234,0
DA:236,0
DA:237,0
DA:238,0
DA:240,0
DA:241,0
DA:242,0
DA:243,0
DA:244,0
DA:245,0
DA:246,0
DA:247,0
DA:250,0
DA:251,0
DA:254,0
DA:255,0
DA:256,0
DA:257,0
DA:258,0
DA:259,0
DA:260,0
DA:261,0
DA:263,0
DA:267,0
DA:268,0
DA:269,0
DA:270,0
DA:272,0
DA:273,0
DA:274,0
DA:276,0
DA:277,0
DA:278,0
DA:279,0
DA:280,0
DA:281,0
DA:282,0
DA:283,0
DA:284,0
DA:285,0
DA:288,0
DA:292,0
DA:293,0
DA:294,0
DA:295,0
DA:296,0
DA:297,0
DA:298,0
DA:300,0
DA:304,0
DA:305,0
DA:306,0
DA:307,0
DA:310,0
DA:311,0
DA:312,0
DA:313,0
DA:316,0
DA:317,0
DA:318,0
DA:319,0
DA:320,0
DA:321,0
DA:322,0
DA:323,0
DA:324,0
DA:327,0
DA:328,0
DA:329,0
DA:330,0
DA:331,0
DA:332,0
DA:333,0
DA:334,0
DA:335,0
DA:336,0
DA:337,0
DA:338,0
DA:339,0
DA:342,0
DA:346,0
DA:347,0
DA:348,0
DA:349,0
DA:350,0
DA:351,0
DA:352,0
DA:355,0
DA:356,0
DA:357,0
DA:358,0
DA:360,0
DA:369,0
DA:370,0
DA:371,0
DA:372,0
DA:374,0
DA:375,0
DA:376,0
DA:377,0
DA:379,0
DA:380,0
DA:381,0
DA:382,0
DA:385,0
DA:386,0
DA:387,0
DA:389,0
DA:396,0
DA:397,0
DA:398,0
DA:399,0
DA:401,0
DA:405,0
DA:406,0
DA:407,0
DA:409,0
DA:410,0
DA:411,0
DA:412,0
DA:414,0
DA:426,0
DA:429,0
DA:430,0
DA:431,0
DA:432,0
DA:435,0
DA:436,0
DA:437,0
DA:438,0
DA:441,0
DA:442,0
DA:443,0
DA:444,0
DA:456,0
DA:457,0
DA:458,0
DA:459,0
DA:460,0
DA:461,0
DA:462,0
DA:463,0
DA:465,0
DA:467,0
DA:468,0
DA:469,0
DA:470,0
DA:471,0
DA:472,0
DA:474,0
DA:475,0
DA:476,0
DA:480,0
DA:481,0
DA:482,0
DA:483,0
DA:486,0
DA:487,0
DA:488,0
DA:489,0
DA:490,0
DA:491,0
DA:492,0
DA:493,0
DA:496,0
DA:497,0
DA:498,0
DA:502,0
DA:503,0
DA:506,0
DA:507,0
DA:508,0
DA:509,0
DA:510,0
DA:511,0
DA:512,0
DA:513,0
DA:516,0
DA:517,0
DA:518,0
DA:519,0
DA:520,0
DA:521,0
DA:522,0
DA:523,0
DA:524,0
DA:525,0
DA:526,0
DA:527,0
DA:528,0
DA:529,0
DA:530,0
DA:531,0
DA:532,0
DA:540,0
DA:541,0
DA:548,0
DA:555,0
DA:556,0
DA:557,0
DA:559,0
DA:560,0
DA:561,0
DA:564,0
DA:565,0
DA:566,0
DA:567,0
DA:568,0
DA:569,0
DA:570,0
DA:573,0
DA:574,0
DA:575,0
DA:576,0
DA:577,0
DA:578,0
DA:579,0
DA:580,0
DA:581,0
DA:584,0
DA:585,0
DA:586,0
DA:587,0
DA:588,0
DA:589,0
DA:591,0
DA:592,0
DA:593,0
DA:594,0
DA:597,0
DA:598,0
DA:607,0
DA:608,0
DA:609,0
DA:610,0
DA:625,0
DA:626,0
DA:628,0
DA:629,0
DA:630,0
DA:638,0
LF:348
LH:0
BRDA:15,0,0,0
BRDA:15,0,1,0
BRDA:57,1,0,0
BRDA:90,2,0,0
BRDA:90,2,1,0
BRDA:90,2,2,0
BRDA:90,2,3,0
BRDA:90,2,4,0
BRDA:109,3,0,0
BRDA:109,3,1,0
BRDA:109,3,2,0
BRDA:109,3,3,0
BRDA:458,4,0,0
BRDA:458,4,1,0
BRDA:462,5,0,0
BRDA:462,5,1,0
BRDA:626,6,0,0
BRDA:628,7,0,0
BRDA:628,7,1,0
BRDA:629,8,0,0
BRDA:629,8,1,0
BRF:21
BRH:0
end_of_record
TN:
SF:src/systems/UIRenderer.ts
FN:53,(anonymous_0)
FN:61,(anonymous_1)
FN:69,(anonymous_2)
FN:98,(anonymous_3)
FN:122,(anonymous_4)
FN:199,(anonymous_5)
FN:255,(anonymous_6)
FN:275,(anonymous_7)
FN:324,(anonymous_8)
FN:352,(anonymous_9)
FN:385,(anonymous_10)
FN:396,(anonymous_11)
FN:460,(anonymous_12)
FN:471,(anonymous_13)
FN:508,(anonymous_14)
FN:542,(anonymous_15)
FN:578,(anonymous_16)
FN:590,(anonymous_17)
FNF:18
FNH:0
FNDA:0,(anonymous_0)
FNDA:0,(anonymous_1)
FNDA:0,(anonymous_2)
FNDA:0,(anonymous_3)
FNDA:0,(anonymous_4)
FNDA:0,(anonymous_5)
FNDA:0,(anonymous_6)
FNDA:0,(anonymous_7)
FNDA:0,(anonymous_8)
FNDA:0,(anonymous_9)
FNDA:0,(anonymous_10)
FNDA:0,(anonymous_11)
FNDA:0,(anonymous_12)
FNDA:0,(anonymous_13)
FNDA:0,(anonymous_14)
FNDA:0,(anonymous_15)
FNDA:0,(anonymous_16)
FNDA:0,(anonymous_17)
DA:8,0
DA:29,0
DA:31,0
DA:34,0
DA:35,0
DA:36,0
DA:37,0
DA:38,0
DA:41,0
DA:54,0
DA:62,0
DA:70,0
DA:73,0
DA:74,0
DA:77,0
DA:85,0
DA:86,0
DA:87,0
DA:88,0
DA:91,0
DA:94,0
DA:95,0
DA:96,0
DA:98,0
DA:99,0
DA:100,0
DA:101,0
DA:105,0
DA:106,0
DA:107,0
DA:108,0
DA:109,0
DA:112,0
DA:113,0
DA:114,0
DA:115,0
DA:129,0
DA:130,0
DA:131,0
DA:132,0
DA:134,0
DA:136,0
DA:138,0
DA:141,0
DA:142,0
DA:145,0
DA:146,0
DA:147,0
DA:148,0
DA:149,0
DA:150,0
DA:151,0
DA:152,0
DA:155,0
DA:156,0
DA:157,0
DA:160,0
DA:161,0
DA:162,0
DA:163,0
DA:164,0
DA:165,0
DA:166,0
DA:169,0
DA:170,0
DA:171,0
DA:172,0
DA:173,0
DA:176,0
DA:177,0
DA:178,0
DA:179,0
DA:181,0
DA:182,0
DA:183,0
DA:185,0
DA:186,0
DA:187,0
DA:188,0
DA:189,0
DA:192,0
DA:206,0
DA:208,0
DA:211,0
DA:212,0
DA:213,0
DA:214,0
DA:215,0
DA:218,0
DA:221,0
DA:222,0
DA:223,0
DA:224,0
DA:227,0
DA:230,0
DA:233,0
DA:234,0
DA:235,0
DA:236,0
DA:237,0
DA:240,0
DA:241,0
DA:242,0
DA:243,0
DA:245,0
DA:246,0
DA:248,0
DA:257,0
DA:258,0
DA:259,0
DA:260,0
DA:263,0
DA:264,0
DA:265,0
DA:266,0
DA:267,0
DA:268,0
DA:284,0
DA:285,0
DA:289,0
DA:290,0
DA:291,0
DA:292,0
DA:295,0
DA:296,0
DA:297,0
DA:298,0
DA:299,0
DA:300,0
DA:301,0
DA:302,0
DA:306,0
DA:307,0
DA:308,0
DA:309,0
DA:310,0
DA:313,0
DA:314,0
DA:315,0
DA:316,0
DA:317,0
DA:325,0
DA:326,0
DA:327,0
DA:328,0
DA:331,0
DA:332,0
DA:333,0
DA:334,0
DA:335,0
DA:336,0
DA:338,0
DA:339,0
DA:341,0
DA:342,0
DA:343,0
DA:345,0
DA:353,0
DA:356,0
DA:357,0
DA:360,0
DA:361,0
DA:362,0
DA:363,0
DA:365,0
DA:368,0
DA:375,0
DA:376,0
DA:377,0
DA:378,0
DA:381,0
DA:382,0
DA:383,0
DA:385,0
DA:386,0
DA:387,0
DA:388,0
DA:402,0
DA:405,0
DA:406,0
DA:407,0
DA:408,0
DA:409,0
DA:412,0
DA:419,0
DA:420,0
DA:421,0
DA:422,0
DA:425,0
DA:426,0
DA:429,0
DA:430,0
DA:431,0
DA:433,0
DA:434,0
DA:435,0
DA:438,0
DA:439,0
DA:440,0
DA:441,0
DA:442,0
DA:444,0
DA:445,0
DA:446,0
DA:450,0
DA:451,0
DA:452,0
DA:456,0
DA:457,0
DA:458,0
DA:460,0
DA:461,0
DA:462,0
DA:463,0
DA:478,0
DA:481,0
DA:482,0
DA:483,0
DA:484,0
DA:485,0
DA:486,0
DA:487,0
DA:490,0
DA:491,0
DA:492,0
DA:495,0
DA:496,0
DA:497,0
DA:498,0
DA:499,0
DA:501,0
DA:520,0
DA:521,0
DA:522,0
DA:523,0
DA:526,0
DA:527,0
DA:528,0
DA:531,0
DA:532,0
DA:535,0
DA:543,0
DA:545,0
DA:548,0
DA:549,0
DA:550,0
DA:551,0
DA:552,0
DA:553,0
DA:556,0
DA:557,0
DA:559,0
DA:560,0
DA:561,0
DA:562,0
DA:564,0
DA:565,0
DA:566,0
DA:567,0
DA:568,0
DA:569,0
DA:571,0
DA:579,0
DA:580,0
DA:581,0
DA:582,0
DA:583,0
DA:591,0
LF:268
LH:0
BRDA:53,0,0,0
BRDA:69,1,0,0
BRDA:136,2,0,0
BRDA:136,2,1,0
BRDA:285,3,0,0
BRDA:285,3,1,0
BRDA:286,4,0,0
BRDA:286,4,1,0
BRDA:295,5,0,0
BRDA:333,6,0,0
BRDA:333,6,1,0
BRDA:352,7,0,0
BRDA:400,8,0,0
BRDA:438,9,0,0
BRDA:438,9,1,0
BRDA:591,10,0,0
BRDA:591,10,1,0
BRDA:591,10,2,0
BRDA:591,10,3,0
BRF:19
BRH:0
end_of_record
TN:
SF:src/systems/VisualEffects.ts
FN:33,(anonymous_0)
FN:89,(anonymous_1)
FN:97,(anonymous_2)
FN:108,(anonymous_3)
FN:199,(anonymous_4)
FN:223,(anonymous_5)
FN:247,(anonymous_6)
FN:275,(anonymous_7)
FN:289,(anonymous_8)
FN:302,(anonymous_9)
FN:316,(anonymous_10)
FN:354,(anonymous_11)
FN:403,(anonymous_12)
FN:418,(anonymous_13)
FN:422,(anonymous_14)
FN:446,(anonymous_15)
FN:490,(anonymous_16)
FN:500,(anonymous_17)
FN:563,(anonymous_18)
FN:600,(anonymous_19)
FN:633,(anonymous_20)
FN:643,(anonymous_21)
FN:655,(anonymous_22)
FNF:23
FNH:0
FNDA:0,(anonymous_0)
FNDA:0,(anonymous_1)
FNDA:0,(anonymous_2)
FNDA:0,(anonymous_3)
FNDA:0,(anonymous_4)
FNDA:0,(anonymous_5)
FNDA:0,(anonymous_6)
FNDA:0,(anonymous_7)
FNDA:0,(anonymous_8)
FNDA:0,(anonymous_9)
FNDA:0,(anonymous_10)
FNDA:0,(anonymous_11)
FNDA:0,(anonymous_12)
FNDA:0,(anonymous_13)
FNDA:0,(anonymous_14)
FNDA:0,(anonymous_15)
FNDA:0,(anonymous_16)
FNDA:0,(anonymous_17)
FNDA:0,(anonymous_18)
FNDA:0,(anonymous_19)
FNDA:0,(anonymous_20)
FNDA:0,(anonymous_21)
FNDA:0,(anonymous_22)
DA:8,0
DA:33,0
DA:34,0
DA:35,0
DA:36,0
DA:37,0
DA:38,0
DA:39,0
DA:74,0
DA:76,0
DA:77,0
DA:78,0
DA:79,0
DA:82,0
DA:90,0
DA:98,0
DA:99,0
DA:100,0
DA:101,0
DA:114,0
DA:115,0
DA:116,0
DA:119,0
DA:120,0
DA:121,0
DA:123,0
DA:138,0
DA:139,0
DA:140,0
DA:142,0
DA:157,0
DA:158,0
DA:159,0
DA:161,0
DA:177,0
DA:190,0
DA:191,0
DA:200,0
DA:201,0
DA:203,0
DA:204,0
DA:224,0
DA:225,0
DA:226,0
DA:228,0
DA:249,0
DA:250,0
DA:251,0
DA:253,0
DA:268,0
DA:276,0
DA:290,0
DA:303,0
DA:317,0
DA:318,0
DA:321,0
DA:322,0
DA:325,0
DA:326,0
DA:330,0
DA:331,0
DA:335,0
DA:336,0
DA:339,0
DA:340,0
DA:344,0
DA:345,0
DA:355,0
DA:356,0
DA:359,0
DA:360,0
DA:361,0
DA:364,0
DA:365,0
DA:369,0
DA:370,0
DA:371,0
DA:372,0
DA:373,0
DA:376,0
DA:377,0
DA:381,0
DA:382,0
DA:383,0
DA:387,0
DA:388,0
DA:393,0
DA:394,0
DA:404,0
DA:405,0
DA:406,0
DA:408,0
DA:409,0
DA:419,0
DA:422,0
DA:423,0
DA:424,0
DA:425,0
DA:426,0
DA:427,0
DA:431,0
DA:434,0
DA:436,0
DA:439,0
DA:447,0
DA:448,0
DA:451,0
DA:452,0
DA:453,0
DA:454,0
DA:455,0
DA:456,0
DA:457,0
DA:458,0
DA:459,0
DA:463,0
DA:464,0
DA:465,0
DA:469,0
DA:470,0
DA:471,0
DA:472,0
DA:473,0
DA:474,0
DA:475,0
DA:476,0
DA:477,0
DA:480,0
DA:481,0
DA:491,0
DA:492,0
DA:501,0
DA:503,0
DA:504,0
DA:506,0
DA:510,0
DA:514,0
DA:515,0
DA:516,0
DA:517,0
DA:518,0
DA:519,0
DA:520,0
DA:521,0
DA:525,0
DA:526,0
DA:527,0
DA:528,0
DA:529,0
DA:530,0
DA:534,0
DA:535,0
DA:536,0
DA:538,0
DA:539,0
DA:540,0
DA:544,0
DA:545,0
DA:546,0
DA:547,0
DA:548,0
DA:552,0
DA:553,0
DA:556,0
DA:564,0
DA:566,0
DA:567,0
DA:569,0
DA:571,0
DA:572,0
DA:573,0
DA:574,0
DA:575,0
DA:576,0
DA:580,0
DA:581,0
DA:582,0
DA:586,0
DA:587,0
DA:588,0
DA:589,0
DA:590,0
DA:591,0
DA:609,0
DA:610,0
DA:612,0
DA:613,0
DA:614,0
DA:615,0
DA:616,0
DA:618,0
DA:619,0
DA:621,0
DA:625,0
DA:626,0
DA:634,0
DA:635,0
DA:636,0
DA:644,0
DA:645,0
DA:646,0
DA:648,0
DA:656,0
LF:203
LH:0
BRDA:33,0,0,0
BRDA:33,0,1,0
BRDA:89,1,0,0
BRDA:111,2,0,0
BRDA:112,3,0,0
BRDA:190,4,0,0
BRDA:199,5,0,0
BRDA:200,6,0,0
BRDA:200,6,1,0
BRDA:201,7,0,0
BRDA:201,7,1,0
BRDA:212,8,0,0
BRDA:212,8,1,0
BRDA:223,9,0,0
BRDA:236,10,0,0
BRDA:236,10,1,0
BRDA:325,11,0,0
BRDA:325,12,0,0
BRDA:325,12,1,0
BRDA:330,13,0,0
BRDA:330,14,0,0
BRDA:330,14,1,0
BRDA:339,15,0,0
BRDA:344,16,0,0
BRDA:364,17,0,0
BRDA:376,18,0,0
BRDA:376,19,0,0
BRDA:376,19,1,0
BRDA:381,20,0,0
BRDA:387,21,0,0
BRDA:387,22,0,0
BRDA:387,22,1,0
BRDA:393,23,0,0
BRDA:408,24,0,0
BRDA:423,25,0,0
BRDA:451,26,0,0
BRDA:451,27,0,0
BRDA:451,27,1,0
BRDA:501,28,0,0
BRDA:506,29,0,0
BRDA:506,29,1,0
BRDA:506,29,2,0
BRDA:506,29,3,0
BRDA:506,29,4,0
BRDA:506,29,5,0
BRDA:535,30,0,0
BRDA:569,31,0,0
BRDA:569,31,1,0
BRDA:573,32,0,0
BRDA:573,32,1,0
BRDA:613,33,0,0
BRDA:613,33,1,0
BRDA:618,34,0,0
BRDA:618,34,1,0
BRF:54
BRH:0
end_of_record
TN:
SF:src/types/GameConfig.ts
FNF:0
FNH:0
DA:106,9
LF:1
LH:1
BRF:0
BRH:0
end_of_record
TN:
SF:src/types/enums.ts
FN:10,(anonymous_0)
FN:25,(anonymous_1)
FN:40,(anonymous_2)
FN:51,(anonymous_3)
FN:64,(anonymous_4)
FN:81,(anonymous_5)
FN:98,(anonymous_6)
FNF:7
FNH:7
FNDA:10,(anonymous_0)
FNDA:10,(anonymous_1)
FNDA:10,(anonymous_2)
FNDA:10,(anonymous_3)
FNDA:10,(anonymous_4)
FNDA:10,(anonymous_5)
FNDA:10,(anonymous_6)
DA:10,10
DA:12,10
DA:14,10
DA:16,10
DA:18,10
DA:25,10
DA:27,10
DA:29,10
DA:31,10
DA:33,10
DA:40,10
DA:42,10
DA:44,10
DA:51,10
DA:53,10
DA:55,10
DA:57,10
DA:64,10
DA:66,10
DA:68,10
DA:70,10
DA:72,10
DA:74,10
DA:81,10
DA:83,10
DA:85,10
DA:87,10
DA:89,10
DA:91,10
DA:98,10
DA:100,10
DA:102,10
DA:104,10
DA:106,10
DA:108,10
LF:35
LH:35
BRDA:10,0,0,10
BRDA:10,0,1,10
BRDA:25,1,0,10
BRDA:25,1,1,10
BRDA:40,2,0,10
BRDA:40,2,1,10
BRDA:51,3,0,10
BRDA:51,3,1,10
BRDA:64,4,0,10
BRDA:64,4,1,10
BRDA:81,5,0,10
BRDA:81,5,1,10
BRDA:98,6,0,10
BRDA:98,6,1,10
BRF:14
BRH:14
end_of_record
